<?xml version="1.0" encoding="UTF-8"?>
<!-- Generated by org.testng.reporters.JUnitXMLReporter -->
<testsuite ignored="0" hostname="Noha-Nabil" failures="1" tests="7" name="Chrome - DisableUser" time="27.926" errors="0" timestamp="2025-06-12T18:32:13 EEST">
  <testcase classname="test.AdminDisableEmployeeTest" name="adminCanLogin" time="0.572">
    <failure type="java.lang.AssertionError" message="Admin login failed. expected [true] but found [false]">
      <![CDATA[java.lang.AssertionError: Admin login failed. expected [true] but found [false]
at test.AdminDisableEmployeeTest.adminCanLogin(AdminDisableEmployeeTest.java:53)
at java.base/java.util.ArrayList.forEach(ArrayList.java:1604)
... Removed 32 stack frames]]>
    </failure>
  </testcase> <!-- adminCanLogin -->
  <testcase classname="test.AdminDisableEmployeeTest" name="adminCanCreateUser" time="11.111"/>
  <testcase classname="test.AdminDisableEmployeeTest" name="confirmSuccessToast" time="1.469"/>
  <testcase classname="test.AdminDisableEmployeeTest" name="disableEmployeeUser" time="3.635"/>
  <testcase classname="test.AdminDisableEmployeeTest" name="confirmSuccessToastAfterDisable" time="1.062"/>
  <testcase classname="test.AdminDisableEmployeeTest" name="adminCanLogout" time="1.394"/>
  <testcase classname="test.AdminDisableEmployeeTest" name="disabledUserCannotLogin" time="1.566"/>
</testsuite> <!-- Chrome - DisableUser -->
