<?xml version="1.0" encoding="UTF-8"?>
<!-- Generated by org.testng.reporters.JUnitXMLReporter -->
<testsuite ignored="0" hostname="Noha-Nabil" failures="1" tests="2" name="Chrome - Login" time="11.216" errors="0" timestamp="2025-06-12T18:31:19 EEST">
  <testcase classname="test.AdminLoginTest" name="adminCanLogin" time="0.66">
    <failure type="java.lang.AssertionError" message="Admin login failed. expected [true] but found [false]">
      <![CDATA[java.lang.AssertionError: Admin login failed. expected [true] but found [false]
at test.AdminLoginTest.adminCanLogin(AdminLoginTest.java:43)
at java.base/java.util.ArrayList.forEach(ArrayList.java:1604)
... Removed 32 stack frames]]>
    </failure>
  </testcase> <!-- adminCanLogin -->
  <testcase classname="test.AdminLoginTest" name="adminCanLogout" time="1.545"/>
</testsuite> <!-- Chrome - Login -->
