<?xml version="1.0" encoding="UTF-8"?>
<testng-results ignored="0" total="30" passed="19" failed="11" skipped="0">
  <reporter-output>
  </reporter-output>
  <suite started-at="2025-06-12T18:31:08 EEST" name="OrangeHRM Sequential Suite" finished-at="2025-06-12T18:34:53 EEST" duration-ms="224714">
    <groups>
    </groups>
    <test started-at="2025-06-12T18:31:08 EEST" name="Chrome - Login" finished-at="2025-06-12T18:31:19 EEST" duration-ms="11216">
      <class name="test.AdminLoginTest">
        <test-method is-config="true" signature="setUpDriver(java.lang.String)[pri:0, instance:test.AdminLoginTest@d1a10ac]" started-at="2025-06-12T18:31:08 EEST" name="setUpDriver" finished-at="2025-06-12T18:31:14 EEST" duration-ms="6308" status="PASS">
          <params>
            <param index="0">
              <value>
                <![CDATA[chrome]]>
              </value>
            </param>
          </params>
          <reporter-output>
          </reporter-output>
        </test-method> <!-- setUpDriver -->
        <test-method is-config="true" signature="setup()[pri:0, instance:test.AdminLoginTest@d1a10ac]" started-at="2025-06-12T18:31:14 EEST" name="setup" finished-at="2025-06-12T18:31:14 EEST" duration-ms="5" status="PASS">
          <reporter-output>
          </reporter-output>
        </test-method> <!-- setup -->
        <test-method signature="adminCanLogin()[pri:1, instance:test.AdminLoginTest@d1a10ac]" started-at="2025-06-12T18:31:14 EEST" name="adminCanLogin" description="Verify that the admin user can log in successfully" finished-at="2025-06-12T18:31:15 EEST" duration-ms="660" status="FAIL">
          <exception class="java.lang.AssertionError">
            <message>
              <![CDATA[Admin login failed. expected [true] but found [false]]]>
            </message>
            <full-stacktrace>
              <![CDATA[java.lang.AssertionError: Admin login failed. expected [true] but found [false]
at org.testng.Assert.fail(Assert.java:111)
at org.testng.Assert.failNotEquals(Assert.java:1590)
at org.testng.Assert.assertTrue(Assert.java:57)
at test.AdminLoginTest.adminCanLogin(AdminLoginTest.java:43)
at java.base/jdk.internal.reflect.DirectMethodHandleAccessor.invoke(DirectMethodHandleAccessor.java:104)
at java.base/java.lang.reflect.Method.invoke(Method.java:565)
at org.testng.internal.invokers.MethodInvocationHelper.invokeMethod(MethodInvocationHelper.java:141)
at org.testng.internal.invokers.TestInvoker.invokeMethod(TestInvoker.java:687)
at org.testng.internal.invokers.TestInvoker.invokeTestMethod(TestInvoker.java:230)
at org.testng.internal.invokers.MethodRunner.runInSequence(MethodRunner.java:63)
at org.testng.internal.invokers.TestInvoker$MethodInvocationAgent.invoke(TestInvoker.java:995)
at org.testng.internal.invokers.TestInvoker.invokeTestMethods(TestInvoker.java:203)
at org.testng.internal.invokers.TestMethodWorker.invokeTestMethods(TestMethodWorker.java:154)
at org.testng.internal.invokers.TestMethodWorker.run(TestMethodWorker.java:134)
at java.base/java.util.ArrayList.forEach(ArrayList.java:1604)
at org.testng.TestRunner.privateRun(TestRunner.java:741)
at org.testng.TestRunner.run(TestRunner.java:616)
at org.testng.SuiteRunner.runTest(SuiteRunner.java:421)
at org.testng.SuiteRunner.runSequentially(SuiteRunner.java:413)
at org.testng.SuiteRunner.privateRun(SuiteRunner.java:373)
at org.testng.SuiteRunner.run(SuiteRunner.java:312)
at org.testng.SuiteRunnerWorker.runSuite(SuiteRunnerWorker.java:52)
at org.testng.SuiteRunnerWorker.run(SuiteRunnerWorker.java:95)
at org.testng.TestNG.runSuitesSequentially(TestNG.java:1274)
at org.testng.TestNG.runSuitesLocally(TestNG.java:1208)
at org.testng.TestNG.runSuites(TestNG.java:1112)
at org.testng.TestNG.run(TestNG.java:1079)
at org.apache.maven.surefire.testng.TestNGExecutor.run(TestNGExecutor.java:308)
at org.apache.maven.surefire.testng.TestNGXmlTestSuite.execute(TestNGXmlTestSuite.java:71)
at org.apache.maven.surefire.testng.TestNGProvider.invoke(TestNGProvider.java:113)
at org.apache.maven.surefire.booter.ForkedBooter.runSuitesInProcess(ForkedBooter.java:385)
at org.apache.maven.surefire.booter.ForkedBooter.execute(ForkedBooter.java:162)
at org.apache.maven.surefire.booter.ForkedBooter.run(ForkedBooter.java:507)
at org.apache.maven.surefire.booter.ForkedBooter.main(ForkedBooter.java:495)
]]>
            </full-stacktrace>
          </exception> <!-- java.lang.AssertionError -->
          <reporter-output>
          </reporter-output>
        </test-method> <!-- adminCanLogin -->
        <test-method is-config="true" signature="screenshotOnFailure(org.testng.ITestResult)[pri:0, instance:test.AdminLoginTest@d1a10ac]" started-at="2025-06-12T18:31:15 EEST" name="screenshotOnFailure" finished-at="2025-06-12T18:31:16 EEST" duration-ms="1200" status="PASS">
          <params>
            <param index="0">
              <value>
                <![CDATA[[TestResult name=adminCanLogin status=FAILURE method=AdminLoginTest.adminCanLogin()[pri:1, instance:test.AdminLoginTest@d1a10ac] output={null}]]]>
              </value>
            </param>
          </params>
          <reporter-output>
          </reporter-output>
        </test-method> <!-- screenshotOnFailure -->
        <test-method is-config="true" signature="setup()[pri:0, instance:test.AdminLoginTest@d1a10ac]" started-at="2025-06-12T18:31:16 EEST" name="setup" finished-at="2025-06-12T18:31:16 EEST" duration-ms="1" status="PASS">
          <reporter-output>
          </reporter-output>
        </test-method> <!-- setup -->
        <test-method signature="adminCanLogout()[pri:2, instance:test.AdminLoginTest@d1a10ac]" started-at="2025-06-12T18:31:16 EEST" name="adminCanLogout" description="Verify that the admin user can log out" finished-at="2025-06-12T18:31:18 EEST" duration-ms="1545" status="PASS">
          <reporter-output>
          </reporter-output>
        </test-method> <!-- adminCanLogout -->
        <test-method is-config="true" signature="screenshotOnFailure(org.testng.ITestResult)[pri:0, instance:test.AdminLoginTest@d1a10ac]" started-at="2025-06-12T18:31:18 EEST" name="screenshotOnFailure" finished-at="2025-06-12T18:31:18 EEST" duration-ms="0" status="PASS">
          <params>
            <param index="0">
              <value>
                <![CDATA[[TestResult name=adminCanLogout status=SUCCESS method=AdminLoginTest.adminCanLogout()[pri:2, instance:test.AdminLoginTest@d1a10ac] output={null}]]]>
              </value>
            </param>
          </params>
          <reporter-output>
          </reporter-output>
        </test-method> <!-- screenshotOnFailure -->
        <test-method is-config="true" signature="tearDown()[pri:0, instance:test.AdminLoginTest@d1a10ac]" started-at="2025-06-12T18:31:18 EEST" name="tearDown" finished-at="2025-06-12T18:31:19 EEST" duration-ms="1293" status="PASS">
          <reporter-output>
          </reporter-output>
        </test-method> <!-- tearDown -->
      </class> <!-- test.AdminLoginTest -->
    </test> <!-- Chrome - Login -->
    <test started-at="2025-06-12T18:31:19 EEST" name="Chrome - CreateUser" finished-at="2025-06-12T18:31:45 EEST" duration-ms="26071">
      <class name="test.AdminCreateUserTest">
        <test-method is-config="true" signature="setUpDriver(java.lang.String)[pri:0, instance:test.AdminCreateUserTest@64030b91]" started-at="2025-06-12T18:31:19 EEST" name="setUpDriver" finished-at="2025-06-12T18:31:24 EEST" duration-ms="4494" status="PASS">
          <params>
            <param index="0">
              <value>
                <![CDATA[chrome]]>
              </value>
            </param>
          </params>
          <reporter-output>
          </reporter-output>
        </test-method> <!-- setUpDriver -->
        <test-method is-config="true" signature="setup()[pri:0, instance:test.AdminCreateUserTest@64030b91]" started-at="2025-06-12T18:31:24 EEST" name="setup" finished-at="2025-06-12T18:31:24 EEST" duration-ms="1" status="PASS">
          <reporter-output>
          </reporter-output>
        </test-method> <!-- setup -->
        <test-method signature="adminCanLogin()[pri:1, instance:test.AdminCreateUserTest@64030b91]" started-at="2025-06-12T18:31:24 EEST" name="adminCanLogin" description="Verify that the admin can log into the dashboard" finished-at="2025-06-12T18:31:25 EEST" duration-ms="1508" status="PASS">
          <reporter-output>
          </reporter-output>
        </test-method> <!-- adminCanLogin -->
        <test-method is-config="true" signature="screenshotOnFailure(org.testng.ITestResult)[pri:0, instance:test.AdminCreateUserTest@64030b91]" started-at="2025-06-12T18:31:25 EEST" name="screenshotOnFailure" finished-at="2025-06-12T18:31:25 EEST" duration-ms="0" status="PASS">
          <params>
            <param index="0">
              <value>
                <![CDATA[[TestResult name=adminCanLogin status=SUCCESS method=AdminCreateUserTest.adminCanLogin()[pri:1, instance:test.AdminCreateUserTest@64030b91] output={null}]]]>
              </value>
            </param>
          </params>
          <reporter-output>
          </reporter-output>
        </test-method> <!-- screenshotOnFailure -->
        <test-method is-config="true" signature="setup()[pri:0, instance:test.AdminCreateUserTest@64030b91]" started-at="2025-06-12T18:31:25 EEST" name="setup" finished-at="2025-06-12T18:31:25 EEST" duration-ms="0" status="PASS">
          <reporter-output>
          </reporter-output>
        </test-method> <!-- setup -->
        <test-method signature="adminCanCreateUser()[pri:2, instance:test.AdminCreateUserTest@64030b91]" started-at="2025-06-12T18:31:25 EEST" name="adminCanCreateUser" description="Create a new user from the Admin panel" finished-at="2025-06-12T18:31:37 EEST" duration-ms="11399" status="PASS">
          <reporter-output>
          </reporter-output>
        </test-method> <!-- adminCanCreateUser -->
        <test-method is-config="true" signature="screenshotOnFailure(org.testng.ITestResult)[pri:0, instance:test.AdminCreateUserTest@64030b91]" started-at="2025-06-12T18:31:37 EEST" name="screenshotOnFailure" finished-at="2025-06-12T18:31:37 EEST" duration-ms="0" status="PASS">
          <params>
            <param index="0">
              <value>
                <![CDATA[[TestResult name=adminCanCreateUser status=SUCCESS method=AdminCreateUserTest.adminCanCreateUser()[pri:2, instance:test.AdminCreateUserTest@64030b91] output={null}]]]>
              </value>
            </param>
          </params>
          <reporter-output>
          </reporter-output>
        </test-method> <!-- screenshotOnFailure -->
        <test-method is-config="true" signature="setup()[pri:0, instance:test.AdminCreateUserTest@64030b91]" started-at="2025-06-12T18:31:37 EEST" name="setup" finished-at="2025-06-12T18:31:37 EEST" duration-ms="0" status="PASS">
          <reporter-output>
          </reporter-output>
        </test-method> <!-- setup -->
        <test-method signature="confirmSuccessToast()[pri:3, instance:test.AdminCreateUserTest@64030b91]" started-at="2025-06-12T18:31:37 EEST" name="confirmSuccessToast" description="Verify success message appears after user creation" finished-at="2025-06-12T18:31:38 EEST" duration-ms="1915" status="PASS">
          <reporter-output>
          </reporter-output>
        </test-method> <!-- confirmSuccessToast -->
        <test-method is-config="true" signature="screenshotOnFailure(org.testng.ITestResult)[pri:0, instance:test.AdminCreateUserTest@64030b91]" started-at="2025-06-12T18:31:38 EEST" name="screenshotOnFailure" finished-at="2025-06-12T18:31:38 EEST" duration-ms="1" status="PASS">
          <params>
            <param index="0">
              <value>
                <![CDATA[[TestResult name=confirmSuccessToast status=SUCCESS method=AdminCreateUserTest.confirmSuccessToast()[pri:3, instance:test.AdminCreateUserTest@64030b91] output={null}]]]>
              </value>
            </param>
          </params>
          <reporter-output>
          </reporter-output>
        </test-method> <!-- screenshotOnFailure -->
        <test-method is-config="true" signature="setup()[pri:0, instance:test.AdminCreateUserTest@64030b91]" started-at="2025-06-12T18:31:38 EEST" name="setup" finished-at="2025-06-12T18:31:38 EEST" duration-ms="0" status="PASS">
          <reporter-output>
          </reporter-output>
        </test-method> <!-- setup -->
        <test-method signature="adminCanLogout()[pri:4, instance:test.AdminCreateUserTest@64030b91]" started-at="2025-06-12T18:31:38 EEST" name="adminCanLogout" description="Log out from the admin account" finished-at="2025-06-12T18:31:41 EEST" duration-ms="2427" status="PASS">
          <reporter-output>
          </reporter-output>
        </test-method> <!-- adminCanLogout -->
        <test-method is-config="true" signature="screenshotOnFailure(org.testng.ITestResult)[pri:0, instance:test.AdminCreateUserTest@64030b91]" started-at="2025-06-12T18:31:41 EEST" name="screenshotOnFailure" finished-at="2025-06-12T18:31:41 EEST" duration-ms="1" status="PASS">
          <params>
            <param index="0">
              <value>
                <![CDATA[[TestResult name=adminCanLogout status=SUCCESS method=AdminCreateUserTest.adminCanLogout()[pri:4, instance:test.AdminCreateUserTest@64030b91] output={null}]]]>
              </value>
            </param>
          </params>
          <reporter-output>
          </reporter-output>
        </test-method> <!-- screenshotOnFailure -->
        <test-method is-config="true" signature="setup()[pri:0, instance:test.AdminCreateUserTest@64030b91]" started-at="2025-06-12T18:31:41 EEST" name="setup" finished-at="2025-06-12T18:31:41 EEST" duration-ms="0" status="PASS">
          <reporter-output>
          </reporter-output>
        </test-method> <!-- setup -->
        <test-method signature="newUserCanLogin()[pri:5, instance:test.AdminCreateUserTest@64030b91]" started-at="2025-06-12T18:31:41 EEST" name="newUserCanLogin" description="Log in with the newly created user account" finished-at="2025-06-12T18:31:43 EEST" duration-ms="1646" status="PASS">
          <reporter-output>
          </reporter-output>
        </test-method> <!-- newUserCanLogin -->
        <test-method is-config="true" signature="screenshotOnFailure(org.testng.ITestResult)[pri:0, instance:test.AdminCreateUserTest@64030b91]" started-at="2025-06-12T18:31:43 EEST" name="screenshotOnFailure" finished-at="2025-06-12T18:31:43 EEST" duration-ms="1" status="PASS">
          <params>
            <param index="0">
              <value>
                <![CDATA[[TestResult name=newUserCanLogin status=SUCCESS method=AdminCreateUserTest.newUserCanLogin()[pri:5, instance:test.AdminCreateUserTest@64030b91] output={null}]]]>
              </value>
            </param>
          </params>
          <reporter-output>
          </reporter-output>
        </test-method> <!-- screenshotOnFailure -->
        <test-method is-config="true" signature="setup()[pri:0, instance:test.AdminCreateUserTest@64030b91]" started-at="2025-06-12T18:31:43 EEST" name="setup" finished-at="2025-06-12T18:31:43 EEST" duration-ms="0" status="PASS">
          <reporter-output>
          </reporter-output>
        </test-method> <!-- setup -->
        <test-method signature="newUserCanLogout()[pri:6, instance:test.AdminCreateUserTest@64030b91]" started-at="2025-06-12T18:31:43 EEST" name="newUserCanLogout" description="Log out from the new user account" finished-at="2025-06-12T18:31:44 EEST" duration-ms="1310" status="PASS">
          <reporter-output>
          </reporter-output>
        </test-method> <!-- newUserCanLogout -->
        <test-method is-config="true" signature="screenshotOnFailure(org.testng.ITestResult)[pri:0, instance:test.AdminCreateUserTest@64030b91]" started-at="2025-06-12T18:31:44 EEST" name="screenshotOnFailure" finished-at="2025-06-12T18:31:44 EEST" duration-ms="1" status="PASS">
          <params>
            <param index="0">
              <value>
                <![CDATA[[TestResult name=newUserCanLogout status=SUCCESS method=AdminCreateUserTest.newUserCanLogout()[pri:6, instance:test.AdminCreateUserTest@64030b91] output={null}]]]>
              </value>
            </param>
          </params>
          <reporter-output>
          </reporter-output>
        </test-method> <!-- screenshotOnFailure -->
        <test-method is-config="true" signature="tearDown()[pri:0, instance:test.AdminCreateUserTest@64030b91]" started-at="2025-06-12T18:31:44 EEST" name="tearDown" finished-at="2025-06-12T18:31:45 EEST" duration-ms="1327" status="PASS">
          <reporter-output>
          </reporter-output>
        </test-method> <!-- tearDown -->
      </class> <!-- test.AdminCreateUserTest -->
    </test> <!-- Chrome - CreateUser -->
    <test started-at="2025-06-12T18:31:45 EEST" name="Chrome - DisableUser" finished-at="2025-06-12T18:32:13 EEST" duration-ms="27926">
      <class name="test.AdminDisableEmployeeTest">
        <test-method is-config="true" signature="setUpDriver(java.lang.String)[pri:0, instance:test.AdminDisableEmployeeTest@66e889df]" started-at="2025-06-12T18:31:45 EEST" name="setUpDriver" finished-at="2025-06-12T18:31:50 EEST" duration-ms="4682" status="PASS">
          <params>
            <param index="0">
              <value>
                <![CDATA[chrome]]>
              </value>
            </param>
          </params>
          <reporter-output>
          </reporter-output>
        </test-method> <!-- setUpDriver -->
        <test-method is-config="true" signature="setup()[pri:0, instance:test.AdminDisableEmployeeTest@66e889df]" started-at="2025-06-12T18:31:50 EEST" name="setup" finished-at="2025-06-12T18:31:50 EEST" duration-ms="2" status="PASS">
          <reporter-output>
          </reporter-output>
        </test-method> <!-- setup -->
        <test-method signature="adminCanLogin()[pri:1, instance:test.AdminDisableEmployeeTest@66e889df]" started-at="2025-06-12T18:31:50 EEST" name="adminCanLogin" description="Verify that admin can log in" finished-at="2025-06-12T18:31:50 EEST" duration-ms="572" status="FAIL">
          <exception class="java.lang.AssertionError">
            <message>
              <![CDATA[Admin login failed. expected [true] but found [false]]]>
            </message>
            <full-stacktrace>
              <![CDATA[java.lang.AssertionError: Admin login failed. expected [true] but found [false]
at org.testng.Assert.fail(Assert.java:111)
at org.testng.Assert.failNotEquals(Assert.java:1590)
at org.testng.Assert.assertTrue(Assert.java:57)
at test.AdminDisableEmployeeTest.adminCanLogin(AdminDisableEmployeeTest.java:53)
at java.base/jdk.internal.reflect.DirectMethodHandleAccessor.invoke(DirectMethodHandleAccessor.java:104)
at java.base/java.lang.reflect.Method.invoke(Method.java:565)
at org.testng.internal.invokers.MethodInvocationHelper.invokeMethod(MethodInvocationHelper.java:141)
at org.testng.internal.invokers.TestInvoker.invokeMethod(TestInvoker.java:687)
at org.testng.internal.invokers.TestInvoker.invokeTestMethod(TestInvoker.java:230)
at org.testng.internal.invokers.MethodRunner.runInSequence(MethodRunner.java:63)
at org.testng.internal.invokers.TestInvoker$MethodInvocationAgent.invoke(TestInvoker.java:995)
at org.testng.internal.invokers.TestInvoker.invokeTestMethods(TestInvoker.java:203)
at org.testng.internal.invokers.TestMethodWorker.invokeTestMethods(TestMethodWorker.java:154)
at org.testng.internal.invokers.TestMethodWorker.run(TestMethodWorker.java:134)
at java.base/java.util.ArrayList.forEach(ArrayList.java:1604)
at org.testng.TestRunner.privateRun(TestRunner.java:741)
at org.testng.TestRunner.run(TestRunner.java:616)
at org.testng.SuiteRunner.runTest(SuiteRunner.java:421)
at org.testng.SuiteRunner.runSequentially(SuiteRunner.java:413)
at org.testng.SuiteRunner.privateRun(SuiteRunner.java:373)
at org.testng.SuiteRunner.run(SuiteRunner.java:312)
at org.testng.SuiteRunnerWorker.runSuite(SuiteRunnerWorker.java:52)
at org.testng.SuiteRunnerWorker.run(SuiteRunnerWorker.java:95)
at org.testng.TestNG.runSuitesSequentially(TestNG.java:1274)
at org.testng.TestNG.runSuitesLocally(TestNG.java:1208)
at org.testng.TestNG.runSuites(TestNG.java:1112)
at org.testng.TestNG.run(TestNG.java:1079)
at org.apache.maven.surefire.testng.TestNGExecutor.run(TestNGExecutor.java:308)
at org.apache.maven.surefire.testng.TestNGXmlTestSuite.execute(TestNGXmlTestSuite.java:71)
at org.apache.maven.surefire.testng.TestNGProvider.invoke(TestNGProvider.java:113)
at org.apache.maven.surefire.booter.ForkedBooter.runSuitesInProcess(ForkedBooter.java:385)
at org.apache.maven.surefire.booter.ForkedBooter.execute(ForkedBooter.java:162)
at org.apache.maven.surefire.booter.ForkedBooter.run(ForkedBooter.java:507)
at org.apache.maven.surefire.booter.ForkedBooter.main(ForkedBooter.java:495)
]]>
            </full-stacktrace>
          </exception> <!-- java.lang.AssertionError -->
          <reporter-output>
          </reporter-output>
        </test-method> <!-- adminCanLogin -->
        <test-method is-config="true" signature="screenshotOnFailure(org.testng.ITestResult)[pri:0, instance:test.AdminDisableEmployeeTest@66e889df]" started-at="2025-06-12T18:31:50 EEST" name="screenshotOnFailure" finished-at="2025-06-12T18:31:52 EEST" duration-ms="1089" status="PASS">
          <params>
            <param index="0">
              <value>
                <![CDATA[[TestResult name=adminCanLogin status=FAILURE method=AdminDisableEmployeeTest.adminCanLogin()[pri:1, instance:test.AdminDisableEmployeeTest@66e889df] output={null}]]]>
              </value>
            </param>
          </params>
          <reporter-output>
          </reporter-output>
        </test-method> <!-- screenshotOnFailure -->
        <test-method is-config="true" signature="setup()[pri:0, instance:test.AdminDisableEmployeeTest@66e889df]" started-at="2025-06-12T18:31:52 EEST" name="setup" finished-at="2025-06-12T18:31:52 EEST" duration-ms="0" status="PASS">
          <reporter-output>
          </reporter-output>
        </test-method> <!-- setup -->
        <test-method signature="adminCanCreateUser()[pri:2, instance:test.AdminDisableEmployeeTest@66e889df]" started-at="2025-06-12T18:31:52 EEST" name="adminCanCreateUser" description="Verify that admin can create a new user" finished-at="2025-06-12T18:32:03 EEST" duration-ms="11111" status="PASS">
          <reporter-output>
          </reporter-output>
        </test-method> <!-- adminCanCreateUser -->
        <test-method is-config="true" signature="screenshotOnFailure(org.testng.ITestResult)[pri:0, instance:test.AdminDisableEmployeeTest@66e889df]" started-at="2025-06-12T18:32:03 EEST" name="screenshotOnFailure" finished-at="2025-06-12T18:32:03 EEST" duration-ms="0" status="PASS">
          <params>
            <param index="0">
              <value>
                <![CDATA[[TestResult name=adminCanCreateUser status=SUCCESS method=AdminDisableEmployeeTest.adminCanCreateUser()[pri:2, instance:test.AdminDisableEmployeeTest@66e889df] output={null}]]]>
              </value>
            </param>
          </params>
          <reporter-output>
          </reporter-output>
        </test-method> <!-- screenshotOnFailure -->
        <test-method is-config="true" signature="setup()[pri:0, instance:test.AdminDisableEmployeeTest@66e889df]" started-at="2025-06-12T18:32:03 EEST" name="setup" finished-at="2025-06-12T18:32:03 EEST" duration-ms="0" status="PASS">
          <reporter-output>
          </reporter-output>
        </test-method> <!-- setup -->
        <test-method signature="confirmSuccessToast()[pri:3, instance:test.AdminDisableEmployeeTest@66e889df]" started-at="2025-06-12T18:32:03 EEST" name="confirmSuccessToast" description="Confirm success toast after creating user" finished-at="2025-06-12T18:32:04 EEST" duration-ms="1469" status="PASS">
          <reporter-output>
          </reporter-output>
        </test-method> <!-- confirmSuccessToast -->
        <test-method is-config="true" signature="screenshotOnFailure(org.testng.ITestResult)[pri:0, instance:test.AdminDisableEmployeeTest@66e889df]" started-at="2025-06-12T18:32:04 EEST" name="screenshotOnFailure" finished-at="2025-06-12T18:32:04 EEST" duration-ms="1" status="PASS">
          <params>
            <param index="0">
              <value>
                <![CDATA[[TestResult name=confirmSuccessToast status=SUCCESS method=AdminDisableEmployeeTest.confirmSuccessToast()[pri:3, instance:test.AdminDisableEmployeeTest@66e889df] output={null}]]]>
              </value>
            </param>
          </params>
          <reporter-output>
          </reporter-output>
        </test-method> <!-- screenshotOnFailure -->
        <test-method is-config="true" signature="setup()[pri:0, instance:test.AdminDisableEmployeeTest@66e889df]" started-at="2025-06-12T18:32:04 EEST" name="setup" finished-at="2025-06-12T18:32:04 EEST" duration-ms="0" status="PASS">
          <reporter-output>
          </reporter-output>
        </test-method> <!-- setup -->
        <test-method signature="disableEmployeeUser()[pri:4, instance:test.AdminDisableEmployeeTest@66e889df]" started-at="2025-06-12T18:32:04 EEST" name="disableEmployeeUser" description="Disable the newly created employee user" finished-at="2025-06-12T18:32:08 EEST" duration-ms="3635" status="PASS">
          <reporter-output>
          </reporter-output>
        </test-method> <!-- disableEmployeeUser -->
        <test-method is-config="true" signature="screenshotOnFailure(org.testng.ITestResult)[pri:0, instance:test.AdminDisableEmployeeTest@66e889df]" started-at="2025-06-12T18:32:08 EEST" name="screenshotOnFailure" finished-at="2025-06-12T18:32:08 EEST" duration-ms="1" status="PASS">
          <params>
            <param index="0">
              <value>
                <![CDATA[[TestResult name=disableEmployeeUser status=SUCCESS method=AdminDisableEmployeeTest.disableEmployeeUser()[pri:4, instance:test.AdminDisableEmployeeTest@66e889df] output={null}]]]>
              </value>
            </param>
          </params>
          <reporter-output>
          </reporter-output>
        </test-method> <!-- screenshotOnFailure -->
        <test-method is-config="true" signature="setup()[pri:0, instance:test.AdminDisableEmployeeTest@66e889df]" started-at="2025-06-12T18:32:08 EEST" name="setup" finished-at="2025-06-12T18:32:08 EEST" duration-ms="0" status="PASS">
          <reporter-output>
          </reporter-output>
        </test-method> <!-- setup -->
        <test-method signature="confirmSuccessToastAfterDisable()[pri:5, instance:test.AdminDisableEmployeeTest@66e889df]" started-at="2025-06-12T18:32:08 EEST" name="confirmSuccessToastAfterDisable" description="Confirm success toast after disabling user" finished-at="2025-06-12T18:32:09 EEST" duration-ms="1062" status="PASS">
          <reporter-output>
          </reporter-output>
        </test-method> <!-- confirmSuccessToastAfterDisable -->
        <test-method is-config="true" signature="screenshotOnFailure(org.testng.ITestResult)[pri:0, instance:test.AdminDisableEmployeeTest@66e889df]" started-at="2025-06-12T18:32:09 EEST" name="screenshotOnFailure" finished-at="2025-06-12T18:32:09 EEST" duration-ms="1" status="PASS">
          <params>
            <param index="0">
              <value>
                <![CDATA[[TestResult name=confirmSuccessToastAfterDisable status=SUCCESS method=AdminDisableEmployeeTest.confirmSuccessToastAfterDisable()[pri:5, instance:test.AdminDisableEmployeeTest@66e889df] output={null}]]]>
              </value>
            </param>
          </params>
          <reporter-output>
          </reporter-output>
        </test-method> <!-- screenshotOnFailure -->
        <test-method is-config="true" signature="setup()[pri:0, instance:test.AdminDisableEmployeeTest@66e889df]" started-at="2025-06-12T18:32:09 EEST" name="setup" finished-at="2025-06-12T18:32:09 EEST" duration-ms="0" status="PASS">
          <reporter-output>
          </reporter-output>
        </test-method> <!-- setup -->
        <test-method signature="adminCanLogout()[pri:6, instance:test.AdminDisableEmployeeTest@66e889df]" started-at="2025-06-12T18:32:09 EEST" name="adminCanLogout" description="Verify that admin can log out successfully" finished-at="2025-06-12T18:32:10 EEST" duration-ms="1394" status="PASS">
          <reporter-output>
          </reporter-output>
        </test-method> <!-- adminCanLogout -->
        <test-method is-config="true" signature="screenshotOnFailure(org.testng.ITestResult)[pri:0, instance:test.AdminDisableEmployeeTest@66e889df]" started-at="2025-06-12T18:32:10 EEST" name="screenshotOnFailure" finished-at="2025-06-12T18:32:10 EEST" duration-ms="1" status="PASS">
          <params>
            <param index="0">
              <value>
                <![CDATA[[TestResult name=adminCanLogout status=SUCCESS method=AdminDisableEmployeeTest.adminCanLogout()[pri:6, instance:test.AdminDisableEmployeeTest@66e889df] output={null}]]]>
              </value>
            </param>
          </params>
          <reporter-output>
          </reporter-output>
        </test-method> <!-- screenshotOnFailure -->
        <test-method is-config="true" signature="setup()[pri:0, instance:test.AdminDisableEmployeeTest@66e889df]" started-at="2025-06-12T18:32:10 EEST" name="setup" finished-at="2025-06-12T18:32:10 EEST" duration-ms="0" status="PASS">
          <reporter-output>
          </reporter-output>
        </test-method> <!-- setup -->
        <test-method signature="disabledUserCannotLogin()[pri:7, instance:test.AdminDisableEmployeeTest@66e889df]" started-at="2025-06-12T18:32:10 EEST" name="disabledUserCannotLogin" description="Verify that a disabled user cannot log in" finished-at="2025-06-12T18:32:12 EEST" duration-ms="1566" status="PASS">
          <reporter-output>
          </reporter-output>
        </test-method> <!-- disabledUserCannotLogin -->
        <test-method is-config="true" signature="screenshotOnFailure(org.testng.ITestResult)[pri:0, instance:test.AdminDisableEmployeeTest@66e889df]" started-at="2025-06-12T18:32:12 EEST" name="screenshotOnFailure" finished-at="2025-06-12T18:32:12 EEST" duration-ms="1" status="PASS">
          <params>
            <param index="0">
              <value>
                <![CDATA[[TestResult name=disabledUserCannotLogin status=SUCCESS method=AdminDisableEmployeeTest.disabledUserCannotLogin()[pri:7, instance:test.AdminDisableEmployeeTest@66e889df] output={null}]]]>
              </value>
            </param>
          </params>
          <reporter-output>
          </reporter-output>
        </test-method> <!-- screenshotOnFailure -->
        <test-method is-config="true" signature="tearDown()[pri:0, instance:test.AdminDisableEmployeeTest@66e889df]" started-at="2025-06-12T18:32:12 EEST" name="tearDown" finished-at="2025-06-12T18:32:13 EEST" duration-ms="1304" status="PASS">
          <reporter-output>
          </reporter-output>
        </test-method> <!-- tearDown -->
      </class> <!-- test.AdminDisableEmployeeTest -->
    </test> <!-- Chrome - DisableUser -->
    <test started-at="2025-06-12T18:32:13 EEST" name="Firefox - Login" finished-at="2025-06-12T18:32:30 EEST" duration-ms="17118">
      <class name="test.AdminLoginTest">
        <test-method is-config="true" signature="setUpDriver(java.lang.String)[pri:0, instance:test.AdminLoginTest@55b8dbda]" started-at="2025-06-12T18:32:13 EEST" name="setUpDriver" finished-at="2025-06-12T18:32:25 EEST" duration-ms="11474" status="PASS">
          <params>
            <param index="0">
              <value>
                <![CDATA[firefox]]>
              </value>
            </param>
          </params>
          <reporter-output>
          </reporter-output>
        </test-method> <!-- setUpDriver -->
        <test-method is-config="true" signature="setup()[pri:0, instance:test.AdminLoginTest@55b8dbda]" started-at="2025-06-12T18:32:25 EEST" name="setup" finished-at="2025-06-12T18:32:25 EEST" duration-ms="0" status="PASS">
          <reporter-output>
          </reporter-output>
        </test-method> <!-- setup -->
        <test-method signature="adminCanLogin()[pri:1, instance:test.AdminLoginTest@55b8dbda]" started-at="2025-06-12T18:32:25 EEST" name="adminCanLogin" description="Verify that the admin user can log in successfully" finished-at="2025-06-12T18:32:27 EEST" duration-ms="2288" status="PASS">
          <reporter-output>
          </reporter-output>
        </test-method> <!-- adminCanLogin -->
        <test-method is-config="true" signature="screenshotOnFailure(org.testng.ITestResult)[pri:0, instance:test.AdminLoginTest@55b8dbda]" started-at="2025-06-12T18:32:27 EEST" name="screenshotOnFailure" finished-at="2025-06-12T18:32:27 EEST" duration-ms="1" status="PASS">
          <params>
            <param index="0">
              <value>
                <![CDATA[[TestResult name=adminCanLogin status=SUCCESS method=AdminLoginTest.adminCanLogin()[pri:1, instance:test.AdminLoginTest@55b8dbda] output={null}]]]>
              </value>
            </param>
          </params>
          <reporter-output>
          </reporter-output>
        </test-method> <!-- screenshotOnFailure -->
        <test-method is-config="true" signature="setup()[pri:0, instance:test.AdminLoginTest@55b8dbda]" started-at="2025-06-12T18:32:27 EEST" name="setup" finished-at="2025-06-12T18:32:27 EEST" duration-ms="1" status="PASS">
          <reporter-output>
          </reporter-output>
        </test-method> <!-- setup -->
        <test-method signature="adminCanLogout()[pri:2, instance:test.AdminLoginTest@55b8dbda]" started-at="2025-06-12T18:32:27 EEST" name="adminCanLogout" description="Verify that the admin user can log out" finished-at="2025-06-12T18:32:28 EEST" duration-ms="1234" status="PASS">
          <reporter-output>
          </reporter-output>
        </test-method> <!-- adminCanLogout -->
        <test-method is-config="true" signature="screenshotOnFailure(org.testng.ITestResult)[pri:0, instance:test.AdminLoginTest@55b8dbda]" started-at="2025-06-12T18:32:28 EEST" name="screenshotOnFailure" finished-at="2025-06-12T18:32:28 EEST" duration-ms="0" status="PASS">
          <params>
            <param index="0">
              <value>
                <![CDATA[[TestResult name=adminCanLogout status=SUCCESS method=AdminLoginTest.adminCanLogout()[pri:2, instance:test.AdminLoginTest@55b8dbda] output={null}]]]>
              </value>
            </param>
          </params>
          <reporter-output>
          </reporter-output>
        </test-method> <!-- screenshotOnFailure -->
        <test-method is-config="true" signature="tearDown()[pri:0, instance:test.AdminLoginTest@55b8dbda]" started-at="2025-06-12T18:32:28 EEST" name="tearDown" finished-at="2025-06-12T18:32:30 EEST" duration-ms="2109" status="PASS">
          <reporter-output>
          </reporter-output>
        </test-method> <!-- tearDown -->
      </class> <!-- test.AdminLoginTest -->
    </test> <!-- Firefox - Login -->
    <test started-at="2025-06-12T18:32:30 EEST" name="Firefox - CreateUser" finished-at="2025-06-12T18:33:22 EEST" duration-ms="51921">
      <class name="test.AdminCreateUserTest">
        <test-method is-config="true" signature="setUpDriver(java.lang.String)[pri:0, instance:test.AdminCreateUserTest@3e48e859]" started-at="2025-06-12T18:32:30 EEST" name="setUpDriver" finished-at="2025-06-12T18:32:42 EEST" duration-ms="11465" status="PASS">
          <params>
            <param index="0">
              <value>
                <![CDATA[firefox]]>
              </value>
            </param>
          </params>
          <reporter-output>
          </reporter-output>
        </test-method> <!-- setUpDriver -->
        <test-method is-config="true" signature="setup()[pri:0, instance:test.AdminCreateUserTest@3e48e859]" started-at="2025-06-12T18:32:42 EEST" name="setup" finished-at="2025-06-12T18:32:42 EEST" duration-ms="0" status="PASS">
          <reporter-output>
          </reporter-output>
        </test-method> <!-- setup -->
        <test-method signature="adminCanLogin()[pri:1, instance:test.AdminCreateUserTest@3e48e859]" started-at="2025-06-12T18:32:42 EEST" name="adminCanLogin" description="Verify that the admin can log into the dashboard" finished-at="2025-06-12T18:32:44 EEST" duration-ms="2291" status="PASS">
          <reporter-output>
          </reporter-output>
        </test-method> <!-- adminCanLogin -->
        <test-method is-config="true" signature="screenshotOnFailure(org.testng.ITestResult)[pri:0, instance:test.AdminCreateUserTest@3e48e859]" started-at="2025-06-12T18:32:44 EEST" name="screenshotOnFailure" finished-at="2025-06-12T18:32:44 EEST" duration-ms="1" status="PASS">
          <params>
            <param index="0">
              <value>
                <![CDATA[[TestResult name=adminCanLogin status=SUCCESS method=AdminCreateUserTest.adminCanLogin()[pri:1, instance:test.AdminCreateUserTest@3e48e859] output={null}]]]>
              </value>
            </param>
          </params>
          <reporter-output>
          </reporter-output>
        </test-method> <!-- screenshotOnFailure -->
        <test-method is-config="true" signature="setup()[pri:0, instance:test.AdminCreateUserTest@3e48e859]" started-at="2025-06-12T18:32:44 EEST" name="setup" finished-at="2025-06-12T18:32:44 EEST" duration-ms="0" status="PASS">
          <reporter-output>
          </reporter-output>
        </test-method> <!-- setup -->
        <test-method signature="adminCanCreateUser()[pri:2, instance:test.AdminCreateUserTest@3e48e859]" started-at="2025-06-12T18:32:44 EEST" name="adminCanCreateUser" description="Create a new user from the Admin panel" finished-at="2025-06-12T18:32:47 EEST" duration-ms="2801" status="FAIL">
          <exception class="org.openqa.selenium.StaleElementReferenceException">
            <message>
              <![CDATA[The element with the reference b7f3b286-b88c-4023-95f7-3fdf8596c0b0 is stale; either its node document is not the active document, or it is no longer connected to the DOM
For documentation on this error, please visit: https://www.selenium.dev/documentation/webdriver/troubleshooting/errors#stale-element-reference-exception
Build info: version: '4.32.0', revision: 'd17c8aa950'
System info: os.name: 'Windows 11', os.arch: 'amd64', os.version: '10.0', java.version: '24.0.1'
Driver info: org.openqa.selenium.firefox.FirefoxDriver
Command: [5f311621-8d24-4089-94ac-380d60ab17d5, sendKeysToElement {value=[Ljava.lang.CharSequence;@14d18029, id=b7f3b286-b88c-4023-95f7-3fdf8596c0b0}]
Capabilities {acceptInsecureCerts: true, browserName: firefox, browserVersion: 139.0.4, moz:accessibilityChecks: false, moz:buildID: 20250609112858, moz:geckodriverVersion: 0.36.0, moz:headless: false, moz:platformVersion: 10.0, moz:processID: 25948, moz:profile: C:\Users\NOHA~1.NAB\AppData..., moz:shutdownTimeout: 60000, moz:webdriverClick: true, moz:windowless: false, pageLoadStrategy: normal, platformName: windows, proxy: Proxy(), setWindowRect: true, strictFileInteractability: false, timeouts: {implicit: 0, pageLoad: 300000, script: 30000}, unhandledPromptBehavior: dismiss and notify, userAgent: Mozilla/5.0 (Windows NT 10....}
Element: [[FirefoxDriver: firefox on windows (5f311621-8d24-4089-94ac-380d60ab17d5)] -> css selector: input[placeholder='Type for hints...']]
Session ID: 5f311621-8d24-4089-94ac-380d60ab17d5]]>
            </message>
            <full-stacktrace>
              <![CDATA[org.openqa.selenium.StaleElementReferenceException: The element with the reference b7f3b286-b88c-4023-95f7-3fdf8596c0b0 is stale; either its node document is not the active document, or it is no longer connected to the DOM
For documentation on this error, please visit: https://www.selenium.dev/documentation/webdriver/troubleshooting/errors#stale-element-reference-exception
Build info: version: '4.32.0', revision: 'd17c8aa950'
System info: os.name: 'Windows 11', os.arch: 'amd64', os.version: '10.0', java.version: '24.0.1'
Driver info: org.openqa.selenium.firefox.FirefoxDriver
Command: [5f311621-8d24-4089-94ac-380d60ab17d5, sendKeysToElement {value=[Ljava.lang.CharSequence;@14d18029, id=b7f3b286-b88c-4023-95f7-3fdf8596c0b0}]
Capabilities {acceptInsecureCerts: true, browserName: firefox, browserVersion: 139.0.4, moz:accessibilityChecks: false, moz:buildID: 20250609112858, moz:geckodriverVersion: 0.36.0, moz:headless: false, moz:platformVersion: 10.0, moz:processID: 25948, moz:profile: C:\Users\NOHA~1.NAB\AppData..., moz:shutdownTimeout: 60000, moz:webdriverClick: true, moz:windowless: false, pageLoadStrategy: normal, platformName: windows, proxy: Proxy(), setWindowRect: true, strictFileInteractability: false, timeouts: {implicit: 0, pageLoad: 300000, script: 30000}, unhandledPromptBehavior: dismiss and notify, userAgent: Mozilla/5.0 (Windows NT 10....}
Element: [[FirefoxDriver: firefox on windows (5f311621-8d24-4089-94ac-380d60ab17d5)] -> css selector: input[placeholder='Type for hints...']]
Session ID: 5f311621-8d24-4089-94ac-380d60ab17d5
at java.base/jdk.internal.reflect.DirectConstructorHandleAccessor.newInstance(DirectConstructorHandleAccessor.java:62)
at java.base/java.lang.reflect.Constructor.newInstanceWithCaller(Constructor.java:499)
at java.base/java.lang.reflect.Constructor.newInstance(Constructor.java:483)
at org.openqa.selenium.remote.ErrorCodec.decode(ErrorCodec.java:167)
at org.openqa.selenium.remote.codec.w3c.W3CHttpResponseCodec.decode(W3CHttpResponseCodec.java:138)
at org.openqa.selenium.remote.codec.w3c.W3CHttpResponseCodec.decode(W3CHttpResponseCodec.java:50)
at org.openqa.selenium.remote.HttpCommandExecutor.execute(HttpCommandExecutor.java:215)
at org.openqa.selenium.remote.service.DriverCommandExecutor.invokeExecute(DriverCommandExecutor.java:216)
at org.openqa.selenium.remote.service.DriverCommandExecutor.execute(DriverCommandExecutor.java:174)
at org.openqa.selenium.remote.RemoteWebDriver.execute(RemoteWebDriver.java:545)
at org.openqa.selenium.remote.RemoteWebElement.execute(RemoteWebElement.java:223)
at org.openqa.selenium.remote.RemoteWebElement.sendKeys(RemoteWebElement.java:110)
at pages.AdminPage.enterEmployeeName(AdminPage.java:43)
at test.AdminCreateUserTest.adminCanCreateUser(AdminCreateUserTest.java:62)
at java.base/jdk.internal.reflect.DirectMethodHandleAccessor.invoke(DirectMethodHandleAccessor.java:104)
at java.base/java.lang.reflect.Method.invoke(Method.java:565)
at org.testng.internal.invokers.MethodInvocationHelper.invokeMethod(MethodInvocationHelper.java:141)
at org.testng.internal.invokers.TestInvoker.invokeMethod(TestInvoker.java:687)
at org.testng.internal.invokers.TestInvoker.invokeTestMethod(TestInvoker.java:230)
at org.testng.internal.invokers.MethodRunner.runInSequence(MethodRunner.java:63)
at org.testng.internal.invokers.TestInvoker$MethodInvocationAgent.invoke(TestInvoker.java:995)
at org.testng.internal.invokers.TestInvoker.invokeTestMethods(TestInvoker.java:203)
at org.testng.internal.invokers.TestMethodWorker.invokeTestMethods(TestMethodWorker.java:154)
at org.testng.internal.invokers.TestMethodWorker.run(TestMethodWorker.java:134)
at java.base/java.util.ArrayList.forEach(ArrayList.java:1604)
at org.testng.TestRunner.privateRun(TestRunner.java:741)
at org.testng.TestRunner.run(TestRunner.java:616)
at org.testng.SuiteRunner.runTest(SuiteRunner.java:421)
at org.testng.SuiteRunner.runSequentially(SuiteRunner.java:413)
at org.testng.SuiteRunner.privateRun(SuiteRunner.java:373)
at org.testng.SuiteRunner.run(SuiteRunner.java:312)
at org.testng.SuiteRunnerWorker.runSuite(SuiteRunnerWorker.java:52)
at org.testng.SuiteRunnerWorker.run(SuiteRunnerWorker.java:95)
at org.testng.TestNG.runSuitesSequentially(TestNG.java:1274)
at org.testng.TestNG.runSuitesLocally(TestNG.java:1208)
at org.testng.TestNG.runSuites(TestNG.java:1112)
at org.testng.TestNG.run(TestNG.java:1079)
at org.apache.maven.surefire.testng.TestNGExecutor.run(TestNGExecutor.java:308)
at org.apache.maven.surefire.testng.TestNGXmlTestSuite.execute(TestNGXmlTestSuite.java:71)
at org.apache.maven.surefire.testng.TestNGProvider.invoke(TestNGProvider.java:113)
at org.apache.maven.surefire.booter.ForkedBooter.runSuitesInProcess(ForkedBooter.java:385)
at org.apache.maven.surefire.booter.ForkedBooter.execute(ForkedBooter.java:162)
at org.apache.maven.surefire.booter.ForkedBooter.run(ForkedBooter.java:507)
at org.apache.maven.surefire.booter.ForkedBooter.main(ForkedBooter.java:495)
]]>
            </full-stacktrace>
          </exception> <!-- org.openqa.selenium.StaleElementReferenceException -->
          <reporter-output>
          </reporter-output>
        </test-method> <!-- adminCanCreateUser -->
        <test-method is-config="true" signature="screenshotOnFailure(org.testng.ITestResult)[pri:0, instance:test.AdminCreateUserTest@3e48e859]" started-at="2025-06-12T18:32:47 EEST" name="screenshotOnFailure" finished-at="2025-06-12T18:32:47 EEST" duration-ms="175" status="PASS">
          <params>
            <param index="0">
              <value>
                <![CDATA[[TestResult name=adminCanCreateUser status=FAILURE method=AdminCreateUserTest.adminCanCreateUser()[pri:2, instance:test.AdminCreateUserTest@3e48e859] output={null}]]]>
              </value>
            </param>
          </params>
          <reporter-output>
          </reporter-output>
        </test-method> <!-- screenshotOnFailure -->
        <test-method is-config="true" signature="setup()[pri:0, instance:test.AdminCreateUserTest@3e48e859]" started-at="2025-06-12T18:32:47 EEST" name="setup" finished-at="2025-06-12T18:32:47 EEST" duration-ms="0" status="PASS">
          <reporter-output>
          </reporter-output>
        </test-method> <!-- setup -->
        <test-method signature="confirmSuccessToast()[pri:3, instance:test.AdminCreateUserTest@3e48e859]" started-at="2025-06-12T18:32:47 EEST" name="confirmSuccessToast" description="Verify success message appears after user creation" finished-at="2025-06-12T18:33:09 EEST" duration-ms="21633" status="FAIL">
          <exception class="org.openqa.selenium.TimeoutException">
            <message>
              <![CDATA[Expected condition failed: waiting for visibility of element located by By.cssSelector: div.oxd-toast-content--success (tried for 20 second(s) with 500 milliseconds interval)
Build info: version: '4.32.0', revision: 'd17c8aa950'
System info: os.name: 'Windows 11', os.arch: 'amd64', os.version: '10.0', java.version: '24.0.1'
Driver info: org.openqa.selenium.firefox.FirefoxDriver
Capabilities {acceptInsecureCerts: true, browserName: firefox, browserVersion: 139.0.4, moz:accessibilityChecks: false, moz:buildID: 20250609112858, moz:geckodriverVersion: 0.36.0, moz:headless: false, moz:platformVersion: 10.0, moz:processID: 25948, moz:profile: C:\Users\NOHA~1.NAB\AppData..., moz:shutdownTimeout: 60000, moz:webdriverClick: true, moz:windowless: false, pageLoadStrategy: normal, platformName: windows, proxy: Proxy(), setWindowRect: true, strictFileInteractability: false, timeouts: {implicit: 0, pageLoad: 300000, script: 30000}, unhandledPromptBehavior: dismiss and notify, userAgent: Mozilla/5.0 (Windows NT 10....}
Session ID: 5f311621-8d24-4089-94ac-380d60ab17d5]]>
            </message>
            <full-stacktrace>
              <![CDATA[org.openqa.selenium.TimeoutException: Expected condition failed: waiting for visibility of element located by By.cssSelector: div.oxd-toast-content--success (tried for 20 second(s) with 500 milliseconds interval)
Build info: version: '4.32.0', revision: 'd17c8aa950'
System info: os.name: 'Windows 11', os.arch: 'amd64', os.version: '10.0', java.version: '24.0.1'
Driver info: org.openqa.selenium.firefox.FirefoxDriver
Capabilities {acceptInsecureCerts: true, browserName: firefox, browserVersion: 139.0.4, moz:accessibilityChecks: false, moz:buildID: 20250609112858, moz:geckodriverVersion: 0.36.0, moz:headless: false, moz:platformVersion: 10.0, moz:processID: 25948, moz:profile: C:\Users\NOHA~1.NAB\AppData..., moz:shutdownTimeout: 60000, moz:webdriverClick: true, moz:windowless: false, pageLoadStrategy: normal, platformName: windows, proxy: Proxy(), setWindowRect: true, strictFileInteractability: false, timeouts: {implicit: 0, pageLoad: 300000, script: 30000}, unhandledPromptBehavior: dismiss and notify, userAgent: Mozilla/5.0 (Windows NT 10....}
Session ID: 5f311621-8d24-4089-94ac-380d60ab17d5
at org.openqa.selenium.support.ui.WebDriverWait.timeoutException(WebDriverWait.java:84)
at org.openqa.selenium.support.ui.FluentWait.until(FluentWait.java:228)
at utilities.Helper.waitForElementVisible(Helper.java:106)
at pages.AdminPage.getSuccessToast(AdminPage.java:129)
at test.AdminCreateUserTest.confirmSuccessToast(AdminCreateUserTest.java:76)
at java.base/jdk.internal.reflect.DirectMethodHandleAccessor.invoke(DirectMethodHandleAccessor.java:104)
at java.base/java.lang.reflect.Method.invoke(Method.java:565)
at org.testng.internal.invokers.MethodInvocationHelper.invokeMethod(MethodInvocationHelper.java:141)
at org.testng.internal.invokers.TestInvoker.invokeMethod(TestInvoker.java:687)
at org.testng.internal.invokers.TestInvoker.invokeTestMethod(TestInvoker.java:230)
at org.testng.internal.invokers.MethodRunner.runInSequence(MethodRunner.java:63)
at org.testng.internal.invokers.TestInvoker$MethodInvocationAgent.invoke(TestInvoker.java:995)
at org.testng.internal.invokers.TestInvoker.invokeTestMethods(TestInvoker.java:203)
at org.testng.internal.invokers.TestMethodWorker.invokeTestMethods(TestMethodWorker.java:154)
at org.testng.internal.invokers.TestMethodWorker.run(TestMethodWorker.java:134)
at java.base/java.util.ArrayList.forEach(ArrayList.java:1604)
at org.testng.TestRunner.privateRun(TestRunner.java:741)
at org.testng.TestRunner.run(TestRunner.java:616)
at org.testng.SuiteRunner.runTest(SuiteRunner.java:421)
at org.testng.SuiteRunner.runSequentially(SuiteRunner.java:413)
at org.testng.SuiteRunner.privateRun(SuiteRunner.java:373)
at org.testng.SuiteRunner.run(SuiteRunner.java:312)
at org.testng.SuiteRunnerWorker.runSuite(SuiteRunnerWorker.java:52)
at org.testng.SuiteRunnerWorker.run(SuiteRunnerWorker.java:95)
at org.testng.TestNG.runSuitesSequentially(TestNG.java:1274)
at org.testng.TestNG.runSuitesLocally(TestNG.java:1208)
at org.testng.TestNG.runSuites(TestNG.java:1112)
at org.testng.TestNG.run(TestNG.java:1079)
at org.apache.maven.surefire.testng.TestNGExecutor.run(TestNGExecutor.java:308)
at org.apache.maven.surefire.testng.TestNGXmlTestSuite.execute(TestNGXmlTestSuite.java:71)
at org.apache.maven.surefire.testng.TestNGProvider.invoke(TestNGProvider.java:113)
at org.apache.maven.surefire.booter.ForkedBooter.runSuitesInProcess(ForkedBooter.java:385)
at org.apache.maven.surefire.booter.ForkedBooter.execute(ForkedBooter.java:162)
at org.apache.maven.surefire.booter.ForkedBooter.run(ForkedBooter.java:507)
at org.apache.maven.surefire.booter.ForkedBooter.main(ForkedBooter.java:495)
]]>
            </full-stacktrace>
          </exception> <!-- org.openqa.selenium.TimeoutException -->
          <reporter-output>
          </reporter-output>
        </test-method> <!-- confirmSuccessToast -->
        <test-method is-config="true" signature="screenshotOnFailure(org.testng.ITestResult)[pri:0, instance:test.AdminCreateUserTest@3e48e859]" started-at="2025-06-12T18:33:09 EEST" name="screenshotOnFailure" finished-at="2025-06-12T18:33:09 EEST" duration-ms="165" status="PASS">
          <params>
            <param index="0">
              <value>
                <![CDATA[[TestResult name=confirmSuccessToast status=FAILURE method=AdminCreateUserTest.confirmSuccessToast()[pri:3, instance:test.AdminCreateUserTest@3e48e859] output={null}]]]>
              </value>
            </param>
          </params>
          <reporter-output>
          </reporter-output>
        </test-method> <!-- screenshotOnFailure -->
        <test-method is-config="true" signature="setup()[pri:0, instance:test.AdminCreateUserTest@3e48e859]" started-at="2025-06-12T18:33:09 EEST" name="setup" finished-at="2025-06-12T18:33:09 EEST" duration-ms="0" status="PASS">
          <reporter-output>
          </reporter-output>
        </test-method> <!-- setup -->
        <test-method signature="adminCanLogout()[pri:4, instance:test.AdminCreateUserTest@3e48e859]" started-at="2025-06-12T18:33:09 EEST" name="adminCanLogout" description="Log out from the admin account" finished-at="2025-06-12T18:33:10 EEST" duration-ms="917" status="PASS">
          <reporter-output>
          </reporter-output>
        </test-method> <!-- adminCanLogout -->
        <test-method is-config="true" signature="screenshotOnFailure(org.testng.ITestResult)[pri:0, instance:test.AdminCreateUserTest@3e48e859]" started-at="2025-06-12T18:33:10 EEST" name="screenshotOnFailure" finished-at="2025-06-12T18:33:10 EEST" duration-ms="1" status="PASS">
          <params>
            <param index="0">
              <value>
                <![CDATA[[TestResult name=adminCanLogout status=SUCCESS method=AdminCreateUserTest.adminCanLogout()[pri:4, instance:test.AdminCreateUserTest@3e48e859] output={null}]]]>
              </value>
            </param>
          </params>
          <reporter-output>
          </reporter-output>
        </test-method> <!-- screenshotOnFailure -->
        <test-method is-config="true" signature="setup()[pri:0, instance:test.AdminCreateUserTest@3e48e859]" started-at="2025-06-12T18:33:10 EEST" name="setup" finished-at="2025-06-12T18:33:10 EEST" duration-ms="1" status="PASS">
          <reporter-output>
          </reporter-output>
        </test-method> <!-- setup -->
        <test-method signature="newUserCanLogin()[pri:5, instance:test.AdminCreateUserTest@3e48e859]" started-at="2025-06-12T18:33:10 EEST" name="newUserCanLogin" description="Log in with the newly created user account" finished-at="2025-06-12T18:33:15 EEST" duration-ms="5012" status="FAIL">
          <exception class="org.openqa.selenium.NoSuchElementException">
            <message>
              <![CDATA[Unable to locate element: *[name='username']
For documentation on this error, please visit: https://www.selenium.dev/documentation/webdriver/troubleshooting/errors#no-such-element-exception
Build info: version: '4.32.0', revision: 'd17c8aa950'
System info: os.name: 'Windows 11', os.arch: 'amd64', os.version: '10.0', java.version: '24.0.1'
Driver info: org.openqa.selenium.firefox.FirefoxDriver
Command: [5f311621-8d24-4089-94ac-380d60ab17d5, findElement {value=username, using=name}]
Capabilities {acceptInsecureCerts: true, browserName: firefox, browserVersion: 139.0.4, moz:accessibilityChecks: false, moz:buildID: 20250609112858, moz:geckodriverVersion: 0.36.0, moz:headless: false, moz:platformVersion: 10.0, moz:processID: 25948, moz:profile: C:\Users\NOHA~1.NAB\AppData..., moz:shutdownTimeout: 60000, moz:webdriverClick: true, moz:windowless: false, pageLoadStrategy: normal, platformName: windows, proxy: Proxy(), setWindowRect: true, strictFileInteractability: false, timeouts: {implicit: 0, pageLoad: 300000, script: 30000}, unhandledPromptBehavior: dismiss and notify, userAgent: Mozilla/5.0 (Windows NT 10....}
Session ID: 5f311621-8d24-4089-94ac-380d60ab17d5]]>
            </message>
            <full-stacktrace>
              <![CDATA[org.openqa.selenium.NoSuchElementException: Unable to locate element: *[name='username']
For documentation on this error, please visit: https://www.selenium.dev/documentation/webdriver/troubleshooting/errors#no-such-element-exception
Build info: version: '4.32.0', revision: 'd17c8aa950'
System info: os.name: 'Windows 11', os.arch: 'amd64', os.version: '10.0', java.version: '24.0.1'
Driver info: org.openqa.selenium.firefox.FirefoxDriver
Command: [5f311621-8d24-4089-94ac-380d60ab17d5, findElement {value=username, using=name}]
Capabilities {acceptInsecureCerts: true, browserName: firefox, browserVersion: 139.0.4, moz:accessibilityChecks: false, moz:buildID: 20250609112858, moz:geckodriverVersion: 0.36.0, moz:headless: false, moz:platformVersion: 10.0, moz:processID: 25948, moz:profile: C:\Users\NOHA~1.NAB\AppData..., moz:shutdownTimeout: 60000, moz:webdriverClick: true, moz:windowless: false, pageLoadStrategy: normal, platformName: windows, proxy: Proxy(), setWindowRect: true, strictFileInteractability: false, timeouts: {implicit: 0, pageLoad: 300000, script: 30000}, unhandledPromptBehavior: dismiss and notify, userAgent: Mozilla/5.0 (Windows NT 10....}
Session ID: 5f311621-8d24-4089-94ac-380d60ab17d5
at java.base/jdk.internal.reflect.DirectConstructorHandleAccessor.newInstance(DirectConstructorHandleAccessor.java:62)
at java.base/java.lang.reflect.Constructor.newInstanceWithCaller(Constructor.java:499)
at java.base/java.lang.reflect.Constructor.newInstance(Constructor.java:483)
at org.openqa.selenium.remote.ErrorCodec.decode(ErrorCodec.java:167)
at org.openqa.selenium.remote.codec.w3c.W3CHttpResponseCodec.decode(W3CHttpResponseCodec.java:138)
at org.openqa.selenium.remote.codec.w3c.W3CHttpResponseCodec.decode(W3CHttpResponseCodec.java:50)
at org.openqa.selenium.remote.HttpCommandExecutor.execute(HttpCommandExecutor.java:215)
at org.openqa.selenium.remote.service.DriverCommandExecutor.invokeExecute(DriverCommandExecutor.java:216)
at org.openqa.selenium.remote.service.DriverCommandExecutor.execute(DriverCommandExecutor.java:174)
at org.openqa.selenium.remote.RemoteWebDriver.execute(RemoteWebDriver.java:545)
at org.openqa.selenium.remote.ElementLocation$ElementFinder$2.findElement(ElementLocation.java:165)
at org.openqa.selenium.remote.ElementLocation.findElement(ElementLocation.java:59)
at org.openqa.selenium.remote.RemoteWebDriver.findElement(RemoteWebDriver.java:368)
at org.openqa.selenium.remote.RemoteWebDriver.findElement(RemoteWebDriver.java:362)
at pages.LoginPage.enterUsername(LoginPage.java:18)
at test.AdminCreateUserTest.newUserCanLogin(AdminCreateUserTest.java:101)
at java.base/jdk.internal.reflect.DirectMethodHandleAccessor.invoke(DirectMethodHandleAccessor.java:104)
at java.base/java.lang.reflect.Method.invoke(Method.java:565)
at org.testng.internal.invokers.MethodInvocationHelper.invokeMethod(MethodInvocationHelper.java:141)
at org.testng.internal.invokers.TestInvoker.invokeMethod(TestInvoker.java:687)
at org.testng.internal.invokers.TestInvoker.invokeTestMethod(TestInvoker.java:230)
at org.testng.internal.invokers.MethodRunner.runInSequence(MethodRunner.java:63)
at org.testng.internal.invokers.TestInvoker$MethodInvocationAgent.invoke(TestInvoker.java:995)
at org.testng.internal.invokers.TestInvoker.invokeTestMethods(TestInvoker.java:203)
at org.testng.internal.invokers.TestMethodWorker.invokeTestMethods(TestMethodWorker.java:154)
at org.testng.internal.invokers.TestMethodWorker.run(TestMethodWorker.java:134)
at java.base/java.util.ArrayList.forEach(ArrayList.java:1604)
at org.testng.TestRunner.privateRun(TestRunner.java:741)
at org.testng.TestRunner.run(TestRunner.java:616)
at org.testng.SuiteRunner.runTest(SuiteRunner.java:421)
at org.testng.SuiteRunner.runSequentially(SuiteRunner.java:413)
at org.testng.SuiteRunner.privateRun(SuiteRunner.java:373)
at org.testng.SuiteRunner.run(SuiteRunner.java:312)
at org.testng.SuiteRunnerWorker.runSuite(SuiteRunnerWorker.java:52)
at org.testng.SuiteRunnerWorker.run(SuiteRunnerWorker.java:95)
at org.testng.TestNG.runSuitesSequentially(TestNG.java:1274)
at org.testng.TestNG.runSuitesLocally(TestNG.java:1208)
at org.testng.TestNG.runSuites(TestNG.java:1112)
at org.testng.TestNG.run(TestNG.java:1079)
at org.apache.maven.surefire.testng.TestNGExecutor.run(TestNGExecutor.java:308)
at org.apache.maven.surefire.testng.TestNGXmlTestSuite.execute(TestNGXmlTestSuite.java:71)
at org.apache.maven.surefire.testng.TestNGProvider.invoke(TestNGProvider.java:113)
at org.apache.maven.surefire.booter.ForkedBooter.runSuitesInProcess(ForkedBooter.java:385)
at org.apache.maven.surefire.booter.ForkedBooter.execute(ForkedBooter.java:162)
at org.apache.maven.surefire.booter.ForkedBooter.run(ForkedBooter.java:507)
at org.apache.maven.surefire.booter.ForkedBooter.main(ForkedBooter.java:495)
]]>
            </full-stacktrace>
          </exception> <!-- org.openqa.selenium.NoSuchElementException -->
          <reporter-output>
          </reporter-output>
        </test-method> <!-- newUserCanLogin -->
        <test-method is-config="true" signature="screenshotOnFailure(org.testng.ITestResult)[pri:0, instance:test.AdminCreateUserTest@3e48e859]" started-at="2025-06-12T18:33:15 EEST" name="screenshotOnFailure" finished-at="2025-06-12T18:33:15 EEST" duration-ms="137" status="PASS">
          <params>
            <param index="0">
              <value>
                <![CDATA[[TestResult name=newUserCanLogin status=FAILURE method=AdminCreateUserTest.newUserCanLogin()[pri:5, instance:test.AdminCreateUserTest@3e48e859] output={null}]]]>
              </value>
            </param>
          </params>
          <reporter-output>
          </reporter-output>
        </test-method> <!-- screenshotOnFailure -->
        <test-method is-config="true" signature="setup()[pri:0, instance:test.AdminCreateUserTest@3e48e859]" started-at="2025-06-12T18:33:15 EEST" name="setup" finished-at="2025-06-12T18:33:15 EEST" duration-ms="0" status="PASS">
          <reporter-output>
          </reporter-output>
        </test-method> <!-- setup -->
        <test-method signature="newUserCanLogout()[pri:6, instance:test.AdminCreateUserTest@3e48e859]" started-at="2025-06-12T18:33:15 EEST" name="newUserCanLogout" description="Log out from the new user account" finished-at="2025-06-12T18:33:20 EEST" duration-ms="5017" status="FAIL">
          <exception class="org.openqa.selenium.NoSuchElementException">
            <message>
              <![CDATA[Unable to locate element: p.oxd-userdropdown-name
For documentation on this error, please visit: https://www.selenium.dev/documentation/webdriver/troubleshooting/errors#no-such-element-exception
Build info: version: '4.32.0', revision: 'd17c8aa950'
System info: os.name: 'Windows 11', os.arch: 'amd64', os.version: '10.0', java.version: '24.0.1'
Driver info: org.openqa.selenium.firefox.FirefoxDriver
Command: [5f311621-8d24-4089-94ac-380d60ab17d5, findElement {value=p.oxd-userdropdown-name, using=css selector}]
Capabilities {acceptInsecureCerts: true, browserName: firefox, browserVersion: 139.0.4, moz:accessibilityChecks: false, moz:buildID: 20250609112858, moz:geckodriverVersion: 0.36.0, moz:headless: false, moz:platformVersion: 10.0, moz:processID: 25948, moz:profile: C:\Users\NOHA~1.NAB\AppData..., moz:shutdownTimeout: 60000, moz:webdriverClick: true, moz:windowless: false, pageLoadStrategy: normal, platformName: windows, proxy: Proxy(), setWindowRect: true, strictFileInteractability: false, timeouts: {implicit: 0, pageLoad: 300000, script: 30000}, unhandledPromptBehavior: dismiss and notify, userAgent: Mozilla/5.0 (Windows NT 10....}
Session ID: 5f311621-8d24-4089-94ac-380d60ab17d5]]>
            </message>
            <full-stacktrace>
              <![CDATA[org.openqa.selenium.NoSuchElementException: Unable to locate element: p.oxd-userdropdown-name
For documentation on this error, please visit: https://www.selenium.dev/documentation/webdriver/troubleshooting/errors#no-such-element-exception
Build info: version: '4.32.0', revision: 'd17c8aa950'
System info: os.name: 'Windows 11', os.arch: 'amd64', os.version: '10.0', java.version: '24.0.1'
Driver info: org.openqa.selenium.firefox.FirefoxDriver
Command: [5f311621-8d24-4089-94ac-380d60ab17d5, findElement {value=p.oxd-userdropdown-name, using=css selector}]
Capabilities {acceptInsecureCerts: true, browserName: firefox, browserVersion: 139.0.4, moz:accessibilityChecks: false, moz:buildID: 20250609112858, moz:geckodriverVersion: 0.36.0, moz:headless: false, moz:platformVersion: 10.0, moz:processID: 25948, moz:profile: C:\Users\NOHA~1.NAB\AppData..., moz:shutdownTimeout: 60000, moz:webdriverClick: true, moz:windowless: false, pageLoadStrategy: normal, platformName: windows, proxy: Proxy(), setWindowRect: true, strictFileInteractability: false, timeouts: {implicit: 0, pageLoad: 300000, script: 30000}, unhandledPromptBehavior: dismiss and notify, userAgent: Mozilla/5.0 (Windows NT 10....}
Session ID: 5f311621-8d24-4089-94ac-380d60ab17d5
at java.base/jdk.internal.reflect.DirectConstructorHandleAccessor.newInstance(DirectConstructorHandleAccessor.java:62)
at java.base/java.lang.reflect.Constructor.newInstanceWithCaller(Constructor.java:499)
at java.base/java.lang.reflect.Constructor.newInstance(Constructor.java:483)
at org.openqa.selenium.remote.ErrorCodec.decode(ErrorCodec.java:167)
at org.openqa.selenium.remote.codec.w3c.W3CHttpResponseCodec.decode(W3CHttpResponseCodec.java:138)
at org.openqa.selenium.remote.codec.w3c.W3CHttpResponseCodec.decode(W3CHttpResponseCodec.java:50)
at org.openqa.selenium.remote.HttpCommandExecutor.execute(HttpCommandExecutor.java:215)
at org.openqa.selenium.remote.service.DriverCommandExecutor.invokeExecute(DriverCommandExecutor.java:216)
at org.openqa.selenium.remote.service.DriverCommandExecutor.execute(DriverCommandExecutor.java:174)
at org.openqa.selenium.remote.RemoteWebDriver.execute(RemoteWebDriver.java:545)
at org.openqa.selenium.remote.ElementLocation$ElementFinder$2.findElement(ElementLocation.java:165)
at org.openqa.selenium.remote.ElementLocation.findElement(ElementLocation.java:59)
at org.openqa.selenium.remote.RemoteWebDriver.findElement(RemoteWebDriver.java:368)
at org.openqa.selenium.remote.RemoteWebDriver.findElement(RemoteWebDriver.java:362)
at pages.AdminDashboardPage.openProfileDropdown(AdminDashboardPage.java:20)
at test.AdminCreateUserTest.newUserCanLogout(AdminCreateUserTest.java:125)
at java.base/jdk.internal.reflect.DirectMethodHandleAccessor.invoke(DirectMethodHandleAccessor.java:104)
at java.base/java.lang.reflect.Method.invoke(Method.java:565)
at org.testng.internal.invokers.MethodInvocationHelper.invokeMethod(MethodInvocationHelper.java:141)
at org.testng.internal.invokers.TestInvoker.invokeMethod(TestInvoker.java:687)
at org.testng.internal.invokers.TestInvoker.invokeTestMethod(TestInvoker.java:230)
at org.testng.internal.invokers.MethodRunner.runInSequence(MethodRunner.java:63)
at org.testng.internal.invokers.TestInvoker$MethodInvocationAgent.invoke(TestInvoker.java:995)
at org.testng.internal.invokers.TestInvoker.invokeTestMethods(TestInvoker.java:203)
at org.testng.internal.invokers.TestMethodWorker.invokeTestMethods(TestMethodWorker.java:154)
at org.testng.internal.invokers.TestMethodWorker.run(TestMethodWorker.java:134)
at java.base/java.util.ArrayList.forEach(ArrayList.java:1604)
at org.testng.TestRunner.privateRun(TestRunner.java:741)
at org.testng.TestRunner.run(TestRunner.java:616)
at org.testng.SuiteRunner.runTest(SuiteRunner.java:421)
at org.testng.SuiteRunner.runSequentially(SuiteRunner.java:413)
at org.testng.SuiteRunner.privateRun(SuiteRunner.java:373)
at org.testng.SuiteRunner.run(SuiteRunner.java:312)
at org.testng.SuiteRunnerWorker.runSuite(SuiteRunnerWorker.java:52)
at org.testng.SuiteRunnerWorker.run(SuiteRunnerWorker.java:95)
at org.testng.TestNG.runSuitesSequentially(TestNG.java:1274)
at org.testng.TestNG.runSuitesLocally(TestNG.java:1208)
at org.testng.TestNG.runSuites(TestNG.java:1112)
at org.testng.TestNG.run(TestNG.java:1079)
at org.apache.maven.surefire.testng.TestNGExecutor.run(TestNGExecutor.java:308)
at org.apache.maven.surefire.testng.TestNGXmlTestSuite.execute(TestNGXmlTestSuite.java:71)
at org.apache.maven.surefire.testng.TestNGProvider.invoke(TestNGProvider.java:113)
at org.apache.maven.surefire.booter.ForkedBooter.runSuitesInProcess(ForkedBooter.java:385)
at org.apache.maven.surefire.booter.ForkedBooter.execute(ForkedBooter.java:162)
at org.apache.maven.surefire.booter.ForkedBooter.run(ForkedBooter.java:507)
at org.apache.maven.surefire.booter.ForkedBooter.main(ForkedBooter.java:495)
]]>
            </full-stacktrace>
          </exception> <!-- org.openqa.selenium.NoSuchElementException -->
          <reporter-output>
          </reporter-output>
        </test-method> <!-- newUserCanLogout -->
        <test-method is-config="true" signature="screenshotOnFailure(org.testng.ITestResult)[pri:0, instance:test.AdminCreateUserTest@3e48e859]" started-at="2025-06-12T18:33:20 EEST" name="screenshotOnFailure" finished-at="2025-06-12T18:33:20 EEST" duration-ms="134" status="PASS">
          <params>
            <param index="0">
              <value>
                <![CDATA[[TestResult name=newUserCanLogout status=FAILURE method=AdminCreateUserTest.newUserCanLogout()[pri:6, instance:test.AdminCreateUserTest@3e48e859] output={null}]]]>
              </value>
            </param>
          </params>
          <reporter-output>
          </reporter-output>
        </test-method> <!-- screenshotOnFailure -->
        <test-method is-config="true" signature="tearDown()[pri:0, instance:test.AdminCreateUserTest@3e48e859]" started-at="2025-06-12T18:33:20 EEST" name="tearDown" finished-at="2025-06-12T18:33:22 EEST" duration-ms="2118" status="PASS">
          <reporter-output>
          </reporter-output>
        </test-method> <!-- tearDown -->
      </class> <!-- test.AdminCreateUserTest -->
    </test> <!-- Firefox - CreateUser -->
    <test started-at="2025-06-12T18:33:22 EEST" name="Firefox - DisableUser" finished-at="2025-06-12T18:34:53 EEST" duration-ms="90375">
      <class name="test.AdminDisableEmployeeTest">
        <test-method is-config="true" signature="setUpDriver(java.lang.String)[pri:0, instance:test.AdminDisableEmployeeTest@22d1886d]" started-at="2025-06-12T18:33:22 EEST" name="setUpDriver" finished-at="2025-06-12T18:33:33 EEST" duration-ms="10906" status="PASS">
          <params>
            <param index="0">
              <value>
                <![CDATA[firefox]]>
              </value>
            </param>
          </params>
          <reporter-output>
          </reporter-output>
        </test-method> <!-- setUpDriver -->
        <test-method is-config="true" signature="setup()[pri:0, instance:test.AdminDisableEmployeeTest@22d1886d]" started-at="2025-06-12T18:33:33 EEST" name="setup" finished-at="2025-06-12T18:33:33 EEST" duration-ms="0" status="PASS">
          <reporter-output>
          </reporter-output>
        </test-method> <!-- setup -->
        <test-method signature="adminCanLogin()[pri:1, instance:test.AdminDisableEmployeeTest@22d1886d]" started-at="2025-06-12T18:33:33 EEST" name="adminCanLogin" description="Verify that admin can log in" finished-at="2025-06-12T18:33:36 EEST" duration-ms="2405" status="PASS">
          <reporter-output>
          </reporter-output>
        </test-method> <!-- adminCanLogin -->
        <test-method is-config="true" signature="screenshotOnFailure(org.testng.ITestResult)[pri:0, instance:test.AdminDisableEmployeeTest@22d1886d]" started-at="2025-06-12T18:33:36 EEST" name="screenshotOnFailure" finished-at="2025-06-12T18:33:36 EEST" duration-ms="1" status="PASS">
          <params>
            <param index="0">
              <value>
                <![CDATA[[TestResult name=adminCanLogin status=SUCCESS method=AdminDisableEmployeeTest.adminCanLogin()[pri:1, instance:test.AdminDisableEmployeeTest@22d1886d] output={null}]]]>
              </value>
            </param>
          </params>
          <reporter-output>
          </reporter-output>
        </test-method> <!-- screenshotOnFailure -->
        <test-method is-config="true" signature="setup()[pri:0, instance:test.AdminDisableEmployeeTest@22d1886d]" started-at="2025-06-12T18:33:36 EEST" name="setup" finished-at="2025-06-12T18:33:36 EEST" duration-ms="0" status="PASS">
          <reporter-output>
          </reporter-output>
        </test-method> <!-- setup -->
        <test-method signature="adminCanCreateUser()[pri:2, instance:test.AdminDisableEmployeeTest@22d1886d]" started-at="2025-06-12T18:33:36 EEST" name="adminCanCreateUser" description="Verify that admin can create a new user" finished-at="2025-06-12T18:33:38 EEST" duration-ms="2639" status="FAIL">
          <exception class="org.openqa.selenium.StaleElementReferenceException">
            <message>
              <![CDATA[The element with the reference c8bcdaa2-9a86-4535-bf86-7734a3ff0aeb is stale; either its node document is not the active document, or it is no longer connected to the DOM
For documentation on this error, please visit: https://www.selenium.dev/documentation/webdriver/troubleshooting/errors#stale-element-reference-exception
Build info: version: '4.32.0', revision: 'd17c8aa950'
System info: os.name: 'Windows 11', os.arch: 'amd64', os.version: '10.0', java.version: '24.0.1'
Driver info: org.openqa.selenium.firefox.FirefoxDriver
Command: [a689f1ed-79bb-4dbb-b81c-72eb08d15f3b, sendKeysToElement {value=[Ljava.lang.CharSequence;@3c116f26, id=c8bcdaa2-9a86-4535-bf86-7734a3ff0aeb}]
Capabilities {acceptInsecureCerts: true, browserName: firefox, browserVersion: 139.0.4, moz:accessibilityChecks: false, moz:buildID: 20250609112858, moz:geckodriverVersion: 0.36.0, moz:headless: false, moz:platformVersion: 10.0, moz:processID: 4316, moz:profile: C:\Users\NOHA~1.NAB\AppData..., moz:shutdownTimeout: 60000, moz:webdriverClick: true, moz:windowless: false, pageLoadStrategy: normal, platformName: windows, proxy: Proxy(), setWindowRect: true, strictFileInteractability: false, timeouts: {implicit: 0, pageLoad: 300000, script: 30000}, unhandledPromptBehavior: dismiss and notify, userAgent: Mozilla/5.0 (Windows NT 10....}
Element: [[FirefoxDriver: firefox on windows (a689f1ed-79bb-4dbb-b81c-72eb08d15f3b)] -> css selector: input[placeholder='Type for hints...']]
Session ID: a689f1ed-79bb-4dbb-b81c-72eb08d15f3b]]>
            </message>
            <full-stacktrace>
              <![CDATA[org.openqa.selenium.StaleElementReferenceException: The element with the reference c8bcdaa2-9a86-4535-bf86-7734a3ff0aeb is stale; either its node document is not the active document, or it is no longer connected to the DOM
For documentation on this error, please visit: https://www.selenium.dev/documentation/webdriver/troubleshooting/errors#stale-element-reference-exception
Build info: version: '4.32.0', revision: 'd17c8aa950'
System info: os.name: 'Windows 11', os.arch: 'amd64', os.version: '10.0', java.version: '24.0.1'
Driver info: org.openqa.selenium.firefox.FirefoxDriver
Command: [a689f1ed-79bb-4dbb-b81c-72eb08d15f3b, sendKeysToElement {value=[Ljava.lang.CharSequence;@3c116f26, id=c8bcdaa2-9a86-4535-bf86-7734a3ff0aeb}]
Capabilities {acceptInsecureCerts: true, browserName: firefox, browserVersion: 139.0.4, moz:accessibilityChecks: false, moz:buildID: 20250609112858, moz:geckodriverVersion: 0.36.0, moz:headless: false, moz:platformVersion: 10.0, moz:processID: 4316, moz:profile: C:\Users\NOHA~1.NAB\AppData..., moz:shutdownTimeout: 60000, moz:webdriverClick: true, moz:windowless: false, pageLoadStrategy: normal, platformName: windows, proxy: Proxy(), setWindowRect: true, strictFileInteractability: false, timeouts: {implicit: 0, pageLoad: 300000, script: 30000}, unhandledPromptBehavior: dismiss and notify, userAgent: Mozilla/5.0 (Windows NT 10....}
Element: [[FirefoxDriver: firefox on windows (a689f1ed-79bb-4dbb-b81c-72eb08d15f3b)] -> css selector: input[placeholder='Type for hints...']]
Session ID: a689f1ed-79bb-4dbb-b81c-72eb08d15f3b
at java.base/jdk.internal.reflect.DirectConstructorHandleAccessor.newInstance(DirectConstructorHandleAccessor.java:62)
at java.base/java.lang.reflect.Constructor.newInstanceWithCaller(Constructor.java:499)
at java.base/java.lang.reflect.Constructor.newInstance(Constructor.java:483)
at org.openqa.selenium.remote.ErrorCodec.decode(ErrorCodec.java:167)
at org.openqa.selenium.remote.codec.w3c.W3CHttpResponseCodec.decode(W3CHttpResponseCodec.java:138)
at org.openqa.selenium.remote.codec.w3c.W3CHttpResponseCodec.decode(W3CHttpResponseCodec.java:50)
at org.openqa.selenium.remote.HttpCommandExecutor.execute(HttpCommandExecutor.java:215)
at org.openqa.selenium.remote.service.DriverCommandExecutor.invokeExecute(DriverCommandExecutor.java:216)
at org.openqa.selenium.remote.service.DriverCommandExecutor.execute(DriverCommandExecutor.java:174)
at org.openqa.selenium.remote.RemoteWebDriver.execute(RemoteWebDriver.java:545)
at org.openqa.selenium.remote.RemoteWebElement.execute(RemoteWebElement.java:223)
at org.openqa.selenium.remote.RemoteWebElement.sendKeys(RemoteWebElement.java:110)
at pages.AdminPage.enterEmployeeName(AdminPage.java:43)
at test.AdminDisableEmployeeTest.adminCanCreateUser(AdminDisableEmployeeTest.java:65)
at java.base/jdk.internal.reflect.DirectMethodHandleAccessor.invoke(DirectMethodHandleAccessor.java:104)
at java.base/java.lang.reflect.Method.invoke(Method.java:565)
at org.testng.internal.invokers.MethodInvocationHelper.invokeMethod(MethodInvocationHelper.java:141)
at org.testng.internal.invokers.TestInvoker.invokeMethod(TestInvoker.java:687)
at org.testng.internal.invokers.TestInvoker.invokeTestMethod(TestInvoker.java:230)
at org.testng.internal.invokers.MethodRunner.runInSequence(MethodRunner.java:63)
at org.testng.internal.invokers.TestInvoker$MethodInvocationAgent.invoke(TestInvoker.java:995)
at org.testng.internal.invokers.TestInvoker.invokeTestMethods(TestInvoker.java:203)
at org.testng.internal.invokers.TestMethodWorker.invokeTestMethods(TestMethodWorker.java:154)
at org.testng.internal.invokers.TestMethodWorker.run(TestMethodWorker.java:134)
at java.base/java.util.ArrayList.forEach(ArrayList.java:1604)
at org.testng.TestRunner.privateRun(TestRunner.java:741)
at org.testng.TestRunner.run(TestRunner.java:616)
at org.testng.SuiteRunner.runTest(SuiteRunner.java:421)
at org.testng.SuiteRunner.runSequentially(SuiteRunner.java:413)
at org.testng.SuiteRunner.privateRun(SuiteRunner.java:373)
at org.testng.SuiteRunner.run(SuiteRunner.java:312)
at org.testng.SuiteRunnerWorker.runSuite(SuiteRunnerWorker.java:52)
at org.testng.SuiteRunnerWorker.run(SuiteRunnerWorker.java:95)
at org.testng.TestNG.runSuitesSequentially(TestNG.java:1274)
at org.testng.TestNG.runSuitesLocally(TestNG.java:1208)
at org.testng.TestNG.runSuites(TestNG.java:1112)
at org.testng.TestNG.run(TestNG.java:1079)
at org.apache.maven.surefire.testng.TestNGExecutor.run(TestNGExecutor.java:308)
at org.apache.maven.surefire.testng.TestNGXmlTestSuite.execute(TestNGXmlTestSuite.java:71)
at org.apache.maven.surefire.testng.TestNGProvider.invoke(TestNGProvider.java:113)
at org.apache.maven.surefire.booter.ForkedBooter.runSuitesInProcess(ForkedBooter.java:385)
at org.apache.maven.surefire.booter.ForkedBooter.execute(ForkedBooter.java:162)
at org.apache.maven.surefire.booter.ForkedBooter.run(ForkedBooter.java:507)
at org.apache.maven.surefire.booter.ForkedBooter.main(ForkedBooter.java:495)
]]>
            </full-stacktrace>
          </exception> <!-- org.openqa.selenium.StaleElementReferenceException -->
          <reporter-output>
          </reporter-output>
        </test-method> <!-- adminCanCreateUser -->
        <test-method is-config="true" signature="screenshotOnFailure(org.testng.ITestResult)[pri:0, instance:test.AdminDisableEmployeeTest@22d1886d]" started-at="2025-06-12T18:33:38 EEST" name="screenshotOnFailure" finished-at="2025-06-12T18:33:38 EEST" duration-ms="116" status="PASS">
          <params>
            <param index="0">
              <value>
                <![CDATA[[TestResult name=adminCanCreateUser status=FAILURE method=AdminDisableEmployeeTest.adminCanCreateUser()[pri:2, instance:test.AdminDisableEmployeeTest@22d1886d] output={null}]]]>
              </value>
            </param>
          </params>
          <reporter-output>
          </reporter-output>
        </test-method> <!-- screenshotOnFailure -->
        <test-method is-config="true" signature="setup()[pri:0, instance:test.AdminDisableEmployeeTest@22d1886d]" started-at="2025-06-12T18:33:38 EEST" name="setup" finished-at="2025-06-12T18:33:38 EEST" duration-ms="0" status="PASS">
          <reporter-output>
          </reporter-output>
        </test-method> <!-- setup -->
        <test-method signature="confirmSuccessToast()[pri:3, instance:test.AdminDisableEmployeeTest@22d1886d]" started-at="2025-06-12T18:33:38 EEST" name="confirmSuccessToast" description="Confirm success toast after creating user" finished-at="2025-06-12T18:34:00 EEST" duration-ms="21560" status="FAIL">
          <exception class="org.openqa.selenium.TimeoutException">
            <message>
              <![CDATA[Expected condition failed: waiting for visibility of element located by By.cssSelector: div.oxd-toast-content--success (tried for 20 second(s) with 500 milliseconds interval)
Build info: version: '4.32.0', revision: 'd17c8aa950'
System info: os.name: 'Windows 11', os.arch: 'amd64', os.version: '10.0', java.version: '24.0.1'
Driver info: org.openqa.selenium.firefox.FirefoxDriver
Capabilities {acceptInsecureCerts: true, browserName: firefox, browserVersion: 139.0.4, moz:accessibilityChecks: false, moz:buildID: 20250609112858, moz:geckodriverVersion: 0.36.0, moz:headless: false, moz:platformVersion: 10.0, moz:processID: 4316, moz:profile: C:\Users\NOHA~1.NAB\AppData..., moz:shutdownTimeout: 60000, moz:webdriverClick: true, moz:windowless: false, pageLoadStrategy: normal, platformName: windows, proxy: Proxy(), setWindowRect: true, strictFileInteractability: false, timeouts: {implicit: 0, pageLoad: 300000, script: 30000}, unhandledPromptBehavior: dismiss and notify, userAgent: Mozilla/5.0 (Windows NT 10....}
Session ID: a689f1ed-79bb-4dbb-b81c-72eb08d15f3b]]>
            </message>
            <full-stacktrace>
              <![CDATA[org.openqa.selenium.TimeoutException: Expected condition failed: waiting for visibility of element located by By.cssSelector: div.oxd-toast-content--success (tried for 20 second(s) with 500 milliseconds interval)
Build info: version: '4.32.0', revision: 'd17c8aa950'
System info: os.name: 'Windows 11', os.arch: 'amd64', os.version: '10.0', java.version: '24.0.1'
Driver info: org.openqa.selenium.firefox.FirefoxDriver
Capabilities {acceptInsecureCerts: true, browserName: firefox, browserVersion: 139.0.4, moz:accessibilityChecks: false, moz:buildID: 20250609112858, moz:geckodriverVersion: 0.36.0, moz:headless: false, moz:platformVersion: 10.0, moz:processID: 4316, moz:profile: C:\Users\NOHA~1.NAB\AppData..., moz:shutdownTimeout: 60000, moz:webdriverClick: true, moz:windowless: false, pageLoadStrategy: normal, platformName: windows, proxy: Proxy(), setWindowRect: true, strictFileInteractability: false, timeouts: {implicit: 0, pageLoad: 300000, script: 30000}, unhandledPromptBehavior: dismiss and notify, userAgent: Mozilla/5.0 (Windows NT 10....}
Session ID: a689f1ed-79bb-4dbb-b81c-72eb08d15f3b
at org.openqa.selenium.support.ui.WebDriverWait.timeoutException(WebDriverWait.java:84)
at org.openqa.selenium.support.ui.FluentWait.until(FluentWait.java:228)
at utilities.Helper.waitForElementVisible(Helper.java:106)
at pages.AdminPage.getSuccessToast(AdminPage.java:129)
at test.AdminDisableEmployeeTest.confirmSuccessToast(AdminDisableEmployeeTest.java:78)
at java.base/jdk.internal.reflect.DirectMethodHandleAccessor.invoke(DirectMethodHandleAccessor.java:104)
at java.base/java.lang.reflect.Method.invoke(Method.java:565)
at org.testng.internal.invokers.MethodInvocationHelper.invokeMethod(MethodInvocationHelper.java:141)
at org.testng.internal.invokers.TestInvoker.invokeMethod(TestInvoker.java:687)
at org.testng.internal.invokers.TestInvoker.invokeTestMethod(TestInvoker.java:230)
at org.testng.internal.invokers.MethodRunner.runInSequence(MethodRunner.java:63)
at org.testng.internal.invokers.TestInvoker$MethodInvocationAgent.invoke(TestInvoker.java:995)
at org.testng.internal.invokers.TestInvoker.invokeTestMethods(TestInvoker.java:203)
at org.testng.internal.invokers.TestMethodWorker.invokeTestMethods(TestMethodWorker.java:154)
at org.testng.internal.invokers.TestMethodWorker.run(TestMethodWorker.java:134)
at java.base/java.util.ArrayList.forEach(ArrayList.java:1604)
at org.testng.TestRunner.privateRun(TestRunner.java:741)
at org.testng.TestRunner.run(TestRunner.java:616)
at org.testng.SuiteRunner.runTest(SuiteRunner.java:421)
at org.testng.SuiteRunner.runSequentially(SuiteRunner.java:413)
at org.testng.SuiteRunner.privateRun(SuiteRunner.java:373)
at org.testng.SuiteRunner.run(SuiteRunner.java:312)
at org.testng.SuiteRunnerWorker.runSuite(SuiteRunnerWorker.java:52)
at org.testng.SuiteRunnerWorker.run(SuiteRunnerWorker.java:95)
at org.testng.TestNG.runSuitesSequentially(TestNG.java:1274)
at org.testng.TestNG.runSuitesLocally(TestNG.java:1208)
at org.testng.TestNG.runSuites(TestNG.java:1112)
at org.testng.TestNG.run(TestNG.java:1079)
at org.apache.maven.surefire.testng.TestNGExecutor.run(TestNGExecutor.java:308)
at org.apache.maven.surefire.testng.TestNGXmlTestSuite.execute(TestNGXmlTestSuite.java:71)
at org.apache.maven.surefire.testng.TestNGProvider.invoke(TestNGProvider.java:113)
at org.apache.maven.surefire.booter.ForkedBooter.runSuitesInProcess(ForkedBooter.java:385)
at org.apache.maven.surefire.booter.ForkedBooter.execute(ForkedBooter.java:162)
at org.apache.maven.surefire.booter.ForkedBooter.run(ForkedBooter.java:507)
at org.apache.maven.surefire.booter.ForkedBooter.main(ForkedBooter.java:495)
]]>
            </full-stacktrace>
          </exception> <!-- org.openqa.selenium.TimeoutException -->
          <reporter-output>
          </reporter-output>
        </test-method> <!-- confirmSuccessToast -->
        <test-method is-config="true" signature="screenshotOnFailure(org.testng.ITestResult)[pri:0, instance:test.AdminDisableEmployeeTest@22d1886d]" started-at="2025-06-12T18:34:00 EEST" name="screenshotOnFailure" finished-at="2025-06-12T18:34:00 EEST" duration-ms="170" status="PASS">
          <params>
            <param index="0">
              <value>
                <![CDATA[[TestResult name=confirmSuccessToast status=FAILURE method=AdminDisableEmployeeTest.confirmSuccessToast()[pri:3, instance:test.AdminDisableEmployeeTest@22d1886d] output={null}]]]>
              </value>
            </param>
          </params>
          <reporter-output>
          </reporter-output>
        </test-method> <!-- screenshotOnFailure -->
        <test-method is-config="true" signature="setup()[pri:0, instance:test.AdminDisableEmployeeTest@22d1886d]" started-at="2025-06-12T18:34:00 EEST" name="setup" finished-at="2025-06-12T18:34:00 EEST" duration-ms="1" status="PASS">
          <reporter-output>
          </reporter-output>
        </test-method> <!-- setup -->
        <test-method signature="disableEmployeeUser()[pri:4, instance:test.AdminDisableEmployeeTest@22d1886d]" started-at="2025-06-12T18:34:00 EEST" name="disableEmployeeUser" description="Disable the newly created employee user" finished-at="2025-06-12T18:34:23 EEST" duration-ms="22505" status="FAIL">
          <exception class="org.openqa.selenium.TimeoutException">
            <message>
              <![CDATA[Expected condition failed: waiting for visibility of element located by By.xpath: //div[@role='listbox'] (tried for 20 second(s) with 500 milliseconds interval)
Build info: version: '4.32.0', revision: 'd17c8aa950'
System info: os.name: 'Windows 11', os.arch: 'amd64', os.version: '10.0', java.version: '24.0.1'
Driver info: org.openqa.selenium.firefox.FirefoxDriver
Capabilities {acceptInsecureCerts: true, browserName: firefox, browserVersion: 139.0.4, moz:accessibilityChecks: false, moz:buildID: 20250609112858, moz:geckodriverVersion: 0.36.0, moz:headless: false, moz:platformVersion: 10.0, moz:processID: 4316, moz:profile: C:\Users\NOHA~1.NAB\AppData..., moz:shutdownTimeout: 60000, moz:webdriverClick: true, moz:windowless: false, pageLoadStrategy: normal, platformName: windows, proxy: Proxy(), setWindowRect: true, strictFileInteractability: false, timeouts: {implicit: 0, pageLoad: 300000, script: 30000}, unhandledPromptBehavior: dismiss and notify, userAgent: Mozilla/5.0 (Windows NT 10....}
Session ID: a689f1ed-79bb-4dbb-b81c-72eb08d15f3b]]>
            </message>
            <full-stacktrace>
              <![CDATA[org.openqa.selenium.TimeoutException: Expected condition failed: waiting for visibility of element located by By.xpath: //div[@role='listbox'] (tried for 20 second(s) with 500 milliseconds interval)
Build info: version: '4.32.0', revision: 'd17c8aa950'
System info: os.name: 'Windows 11', os.arch: 'amd64', os.version: '10.0', java.version: '24.0.1'
Driver info: org.openqa.selenium.firefox.FirefoxDriver
Capabilities {acceptInsecureCerts: true, browserName: firefox, browserVersion: 139.0.4, moz:accessibilityChecks: false, moz:buildID: 20250609112858, moz:geckodriverVersion: 0.36.0, moz:headless: false, moz:platformVersion: 10.0, moz:processID: 4316, moz:profile: C:\Users\NOHA~1.NAB\AppData..., moz:shutdownTimeout: 60000, moz:webdriverClick: true, moz:windowless: false, pageLoadStrategy: normal, platformName: windows, proxy: Proxy(), setWindowRect: true, strictFileInteractability: false, timeouts: {implicit: 0, pageLoad: 300000, script: 30000}, unhandledPromptBehavior: dismiss and notify, userAgent: Mozilla/5.0 (Windows NT 10....}
Session ID: a689f1ed-79bb-4dbb-b81c-72eb08d15f3b
at org.openqa.selenium.support.ui.WebDriverWait.timeoutException(WebDriverWait.java:84)
at org.openqa.selenium.support.ui.FluentWait.until(FluentWait.java:228)
at utilities.Helper.waitForElementVisible(Helper.java:106)
at utilities.Helper.waitAndSelect(Helper.java:83)
at pages.AdminPage.filterByStatus(AdminPage.java:148)
at test.AdminDisableEmployeeTest.disableEmployeeUser(AdminDisableEmployeeTest.java:92)
at java.base/jdk.internal.reflect.DirectMethodHandleAccessor.invoke(DirectMethodHandleAccessor.java:104)
at java.base/java.lang.reflect.Method.invoke(Method.java:565)
at org.testng.internal.invokers.MethodInvocationHelper.invokeMethod(MethodInvocationHelper.java:141)
at org.testng.internal.invokers.TestInvoker.invokeMethod(TestInvoker.java:687)
at org.testng.internal.invokers.TestInvoker.invokeTestMethod(TestInvoker.java:230)
at org.testng.internal.invokers.MethodRunner.runInSequence(MethodRunner.java:63)
at org.testng.internal.invokers.TestInvoker$MethodInvocationAgent.invoke(TestInvoker.java:995)
at org.testng.internal.invokers.TestInvoker.invokeTestMethods(TestInvoker.java:203)
at org.testng.internal.invokers.TestMethodWorker.invokeTestMethods(TestMethodWorker.java:154)
at org.testng.internal.invokers.TestMethodWorker.run(TestMethodWorker.java:134)
at java.base/java.util.ArrayList.forEach(ArrayList.java:1604)
at org.testng.TestRunner.privateRun(TestRunner.java:741)
at org.testng.TestRunner.run(TestRunner.java:616)
at org.testng.SuiteRunner.runTest(SuiteRunner.java:421)
at org.testng.SuiteRunner.runSequentially(SuiteRunner.java:413)
at org.testng.SuiteRunner.privateRun(SuiteRunner.java:373)
at org.testng.SuiteRunner.run(SuiteRunner.java:312)
at org.testng.SuiteRunnerWorker.runSuite(SuiteRunnerWorker.java:52)
at org.testng.SuiteRunnerWorker.run(SuiteRunnerWorker.java:95)
at org.testng.TestNG.runSuitesSequentially(TestNG.java:1274)
at org.testng.TestNG.runSuitesLocally(TestNG.java:1208)
at org.testng.TestNG.runSuites(TestNG.java:1112)
at org.testng.TestNG.run(TestNG.java:1079)
at org.apache.maven.surefire.testng.TestNGExecutor.run(TestNGExecutor.java:308)
at org.apache.maven.surefire.testng.TestNGXmlTestSuite.execute(TestNGXmlTestSuite.java:71)
at org.apache.maven.surefire.testng.TestNGProvider.invoke(TestNGProvider.java:113)
at org.apache.maven.surefire.booter.ForkedBooter.runSuitesInProcess(ForkedBooter.java:385)
at org.apache.maven.surefire.booter.ForkedBooter.execute(ForkedBooter.java:162)
at org.apache.maven.surefire.booter.ForkedBooter.run(ForkedBooter.java:507)
at org.apache.maven.surefire.booter.ForkedBooter.main(ForkedBooter.java:495)
]]>
            </full-stacktrace>
          </exception> <!-- org.openqa.selenium.TimeoutException -->
          <reporter-output>
          </reporter-output>
        </test-method> <!-- disableEmployeeUser -->
        <test-method is-config="true" signature="screenshotOnFailure(org.testng.ITestResult)[pri:0, instance:test.AdminDisableEmployeeTest@22d1886d]" started-at="2025-06-12T18:34:23 EEST" name="screenshotOnFailure" finished-at="2025-06-12T18:34:23 EEST" duration-ms="231" status="PASS">
          <params>
            <param index="0">
              <value>
                <![CDATA[[TestResult name=disableEmployeeUser status=FAILURE method=AdminDisableEmployeeTest.disableEmployeeUser()[pri:4, instance:test.AdminDisableEmployeeTest@22d1886d] output={null}]]]>
              </value>
            </param>
          </params>
          <reporter-output>
          </reporter-output>
        </test-method> <!-- screenshotOnFailure -->
        <test-method is-config="true" signature="setup()[pri:0, instance:test.AdminDisableEmployeeTest@22d1886d]" started-at="2025-06-12T18:34:23 EEST" name="setup" finished-at="2025-06-12T18:34:23 EEST" duration-ms="0" status="PASS">
          <reporter-output>
          </reporter-output>
        </test-method> <!-- setup -->
        <test-method signature="confirmSuccessToastAfterDisable()[pri:5, instance:test.AdminDisableEmployeeTest@22d1886d]" started-at="2025-06-12T18:34:23 EEST" name="confirmSuccessToastAfterDisable" description="Confirm success toast after disabling user" finished-at="2025-06-12T18:34:44 EEST" duration-ms="21564" status="FAIL">
          <exception class="org.openqa.selenium.TimeoutException">
            <message>
              <![CDATA[Expected condition failed: waiting for visibility of element located by By.cssSelector: div.oxd-toast-content--success (tried for 20 second(s) with 500 milliseconds interval)
Build info: version: '4.32.0', revision: 'd17c8aa950'
System info: os.name: 'Windows 11', os.arch: 'amd64', os.version: '10.0', java.version: '24.0.1'
Driver info: org.openqa.selenium.firefox.FirefoxDriver
Capabilities {acceptInsecureCerts: true, browserName: firefox, browserVersion: 139.0.4, moz:accessibilityChecks: false, moz:buildID: 20250609112858, moz:geckodriverVersion: 0.36.0, moz:headless: false, moz:platformVersion: 10.0, moz:processID: 4316, moz:profile: C:\Users\NOHA~1.NAB\AppData..., moz:shutdownTimeout: 60000, moz:webdriverClick: true, moz:windowless: false, pageLoadStrategy: normal, platformName: windows, proxy: Proxy(), setWindowRect: true, strictFileInteractability: false, timeouts: {implicit: 0, pageLoad: 300000, script: 30000}, unhandledPromptBehavior: dismiss and notify, userAgent: Mozilla/5.0 (Windows NT 10....}
Session ID: a689f1ed-79bb-4dbb-b81c-72eb08d15f3b]]>
            </message>
            <full-stacktrace>
              <![CDATA[org.openqa.selenium.TimeoutException: Expected condition failed: waiting for visibility of element located by By.cssSelector: div.oxd-toast-content--success (tried for 20 second(s) with 500 milliseconds interval)
Build info: version: '4.32.0', revision: 'd17c8aa950'
System info: os.name: 'Windows 11', os.arch: 'amd64', os.version: '10.0', java.version: '24.0.1'
Driver info: org.openqa.selenium.firefox.FirefoxDriver
Capabilities {acceptInsecureCerts: true, browserName: firefox, browserVersion: 139.0.4, moz:accessibilityChecks: false, moz:buildID: 20250609112858, moz:geckodriverVersion: 0.36.0, moz:headless: false, moz:platformVersion: 10.0, moz:processID: 4316, moz:profile: C:\Users\NOHA~1.NAB\AppData..., moz:shutdownTimeout: 60000, moz:webdriverClick: true, moz:windowless: false, pageLoadStrategy: normal, platformName: windows, proxy: Proxy(), setWindowRect: true, strictFileInteractability: false, timeouts: {implicit: 0, pageLoad: 300000, script: 30000}, unhandledPromptBehavior: dismiss and notify, userAgent: Mozilla/5.0 (Windows NT 10....}
Session ID: a689f1ed-79bb-4dbb-b81c-72eb08d15f3b
at org.openqa.selenium.support.ui.WebDriverWait.timeoutException(WebDriverWait.java:84)
at org.openqa.selenium.support.ui.FluentWait.until(FluentWait.java:228)
at utilities.Helper.waitForElementVisible(Helper.java:106)
at pages.AdminPage.getSuccessToast(AdminPage.java:129)
at test.AdminDisableEmployeeTest.confirmSuccessToastAfterDisable(AdminDisableEmployeeTest.java:105)
at java.base/jdk.internal.reflect.DirectMethodHandleAccessor.invoke(DirectMethodHandleAccessor.java:104)
at java.base/java.lang.reflect.Method.invoke(Method.java:565)
at org.testng.internal.invokers.MethodInvocationHelper.invokeMethod(MethodInvocationHelper.java:141)
at org.testng.internal.invokers.TestInvoker.invokeMethod(TestInvoker.java:687)
at org.testng.internal.invokers.TestInvoker.invokeTestMethod(TestInvoker.java:230)
at org.testng.internal.invokers.MethodRunner.runInSequence(MethodRunner.java:63)
at org.testng.internal.invokers.TestInvoker$MethodInvocationAgent.invoke(TestInvoker.java:995)
at org.testng.internal.invokers.TestInvoker.invokeTestMethods(TestInvoker.java:203)
at org.testng.internal.invokers.TestMethodWorker.invokeTestMethods(TestMethodWorker.java:154)
at org.testng.internal.invokers.TestMethodWorker.run(TestMethodWorker.java:134)
at java.base/java.util.ArrayList.forEach(ArrayList.java:1604)
at org.testng.TestRunner.privateRun(TestRunner.java:741)
at org.testng.TestRunner.run(TestRunner.java:616)
at org.testng.SuiteRunner.runTest(SuiteRunner.java:421)
at org.testng.SuiteRunner.runSequentially(SuiteRunner.java:413)
at org.testng.SuiteRunner.privateRun(SuiteRunner.java:373)
at org.testng.SuiteRunner.run(SuiteRunner.java:312)
at org.testng.SuiteRunnerWorker.runSuite(SuiteRunnerWorker.java:52)
at org.testng.SuiteRunnerWorker.run(SuiteRunnerWorker.java:95)
at org.testng.TestNG.runSuitesSequentially(TestNG.java:1274)
at org.testng.TestNG.runSuitesLocally(TestNG.java:1208)
at org.testng.TestNG.runSuites(TestNG.java:1112)
at org.testng.TestNG.run(TestNG.java:1079)
at org.apache.maven.surefire.testng.TestNGExecutor.run(TestNGExecutor.java:308)
at org.apache.maven.surefire.testng.TestNGXmlTestSuite.execute(TestNGXmlTestSuite.java:71)
at org.apache.maven.surefire.testng.TestNGProvider.invoke(TestNGProvider.java:113)
at org.apache.maven.surefire.booter.ForkedBooter.runSuitesInProcess(ForkedBooter.java:385)
at org.apache.maven.surefire.booter.ForkedBooter.execute(ForkedBooter.java:162)
at org.apache.maven.surefire.booter.ForkedBooter.run(ForkedBooter.java:507)
at org.apache.maven.surefire.booter.ForkedBooter.main(ForkedBooter.java:495)
]]>
            </full-stacktrace>
          </exception> <!-- org.openqa.selenium.TimeoutException -->
          <reporter-output>
          </reporter-output>
        </test-method> <!-- confirmSuccessToastAfterDisable -->
        <test-method is-config="true" signature="screenshotOnFailure(org.testng.ITestResult)[pri:0, instance:test.AdminDisableEmployeeTest@22d1886d]" started-at="2025-06-12T18:34:44 EEST" name="screenshotOnFailure" finished-at="2025-06-12T18:34:45 EEST" duration-ms="152" status="PASS">
          <params>
            <param index="0">
              <value>
                <![CDATA[[TestResult name=confirmSuccessToastAfterDisable status=FAILURE method=AdminDisableEmployeeTest.confirmSuccessToastAfterDisable()[pri:5, instance:test.AdminDisableEmployeeTest@22d1886d] output={null}]]]>
              </value>
            </param>
          </params>
          <reporter-output>
          </reporter-output>
        </test-method> <!-- screenshotOnFailure -->
        <test-method is-config="true" signature="setup()[pri:0, instance:test.AdminDisableEmployeeTest@22d1886d]" started-at="2025-06-12T18:34:45 EEST" name="setup" finished-at="2025-06-12T18:34:45 EEST" duration-ms="0" status="PASS">
          <reporter-output>
          </reporter-output>
        </test-method> <!-- setup -->
        <test-method signature="adminCanLogout()[pri:6, instance:test.AdminDisableEmployeeTest@22d1886d]" started-at="2025-06-12T18:34:45 EEST" name="adminCanLogout" description="Verify that admin can log out successfully" finished-at="2025-06-12T18:34:45 EEST" duration-ms="911" status="PASS">
          <reporter-output>
          </reporter-output>
        </test-method> <!-- adminCanLogout -->
        <test-method is-config="true" signature="screenshotOnFailure(org.testng.ITestResult)[pri:0, instance:test.AdminDisableEmployeeTest@22d1886d]" started-at="2025-06-12T18:34:45 EEST" name="screenshotOnFailure" finished-at="2025-06-12T18:34:45 EEST" duration-ms="1" status="PASS">
          <params>
            <param index="0">
              <value>
                <![CDATA[[TestResult name=adminCanLogout status=SUCCESS method=AdminDisableEmployeeTest.adminCanLogout()[pri:6, instance:test.AdminDisableEmployeeTest@22d1886d] output={null}]]]>
              </value>
            </param>
          </params>
          <reporter-output>
          </reporter-output>
        </test-method> <!-- screenshotOnFailure -->
        <test-method is-config="true" signature="setup()[pri:0, instance:test.AdminDisableEmployeeTest@22d1886d]" started-at="2025-06-12T18:34:45 EEST" name="setup" finished-at="2025-06-12T18:34:45 EEST" duration-ms="0" status="PASS">
          <reporter-output>
          </reporter-output>
        </test-method> <!-- setup -->
        <test-method signature="disabledUserCannotLogin()[pri:7, instance:test.AdminDisableEmployeeTest@22d1886d]" started-at="2025-06-12T18:34:45 EEST" name="disabledUserCannotLogin" description="Verify that a disabled user cannot log in" finished-at="2025-06-12T18:34:50 EEST" duration-ms="5012" status="FAIL">
          <exception class="org.openqa.selenium.NoSuchElementException">
            <message>
              <![CDATA[Unable to locate element: *[name='username']
For documentation on this error, please visit: https://www.selenium.dev/documentation/webdriver/troubleshooting/errors#no-such-element-exception
Build info: version: '4.32.0', revision: 'd17c8aa950'
System info: os.name: 'Windows 11', os.arch: 'amd64', os.version: '10.0', java.version: '24.0.1'
Driver info: org.openqa.selenium.firefox.FirefoxDriver
Command: [a689f1ed-79bb-4dbb-b81c-72eb08d15f3b, findElement {value=username, using=name}]
Capabilities {acceptInsecureCerts: true, browserName: firefox, browserVersion: 139.0.4, moz:accessibilityChecks: false, moz:buildID: 20250609112858, moz:geckodriverVersion: 0.36.0, moz:headless: false, moz:platformVersion: 10.0, moz:processID: 4316, moz:profile: C:\Users\NOHA~1.NAB\AppData..., moz:shutdownTimeout: 60000, moz:webdriverClick: true, moz:windowless: false, pageLoadStrategy: normal, platformName: windows, proxy: Proxy(), setWindowRect: true, strictFileInteractability: false, timeouts: {implicit: 0, pageLoad: 300000, script: 30000}, unhandledPromptBehavior: dismiss and notify, userAgent: Mozilla/5.0 (Windows NT 10....}
Session ID: a689f1ed-79bb-4dbb-b81c-72eb08d15f3b]]>
            </message>
            <full-stacktrace>
              <![CDATA[org.openqa.selenium.NoSuchElementException: Unable to locate element: *[name='username']
For documentation on this error, please visit: https://www.selenium.dev/documentation/webdriver/troubleshooting/errors#no-such-element-exception
Build info: version: '4.32.0', revision: 'd17c8aa950'
System info: os.name: 'Windows 11', os.arch: 'amd64', os.version: '10.0', java.version: '24.0.1'
Driver info: org.openqa.selenium.firefox.FirefoxDriver
Command: [a689f1ed-79bb-4dbb-b81c-72eb08d15f3b, findElement {value=username, using=name}]
Capabilities {acceptInsecureCerts: true, browserName: firefox, browserVersion: 139.0.4, moz:accessibilityChecks: false, moz:buildID: 20250609112858, moz:geckodriverVersion: 0.36.0, moz:headless: false, moz:platformVersion: 10.0, moz:processID: 4316, moz:profile: C:\Users\NOHA~1.NAB\AppData..., moz:shutdownTimeout: 60000, moz:webdriverClick: true, moz:windowless: false, pageLoadStrategy: normal, platformName: windows, proxy: Proxy(), setWindowRect: true, strictFileInteractability: false, timeouts: {implicit: 0, pageLoad: 300000, script: 30000}, unhandledPromptBehavior: dismiss and notify, userAgent: Mozilla/5.0 (Windows NT 10....}
Session ID: a689f1ed-79bb-4dbb-b81c-72eb08d15f3b
at java.base/jdk.internal.reflect.DirectConstructorHandleAccessor.newInstance(DirectConstructorHandleAccessor.java:62)
at java.base/java.lang.reflect.Constructor.newInstanceWithCaller(Constructor.java:499)
at java.base/java.lang.reflect.Constructor.newInstance(Constructor.java:483)
at org.openqa.selenium.remote.ErrorCodec.decode(ErrorCodec.java:167)
at org.openqa.selenium.remote.codec.w3c.W3CHttpResponseCodec.decode(W3CHttpResponseCodec.java:138)
at org.openqa.selenium.remote.codec.w3c.W3CHttpResponseCodec.decode(W3CHttpResponseCodec.java:50)
at org.openqa.selenium.remote.HttpCommandExecutor.execute(HttpCommandExecutor.java:215)
at org.openqa.selenium.remote.service.DriverCommandExecutor.invokeExecute(DriverCommandExecutor.java:216)
at org.openqa.selenium.remote.service.DriverCommandExecutor.execute(DriverCommandExecutor.java:174)
at org.openqa.selenium.remote.RemoteWebDriver.execute(RemoteWebDriver.java:545)
at org.openqa.selenium.remote.ElementLocation$ElementFinder$2.findElement(ElementLocation.java:165)
at org.openqa.selenium.remote.ElementLocation.findElement(ElementLocation.java:59)
at org.openqa.selenium.remote.RemoteWebDriver.findElement(RemoteWebDriver.java:368)
at org.openqa.selenium.remote.RemoteWebDriver.findElement(RemoteWebDriver.java:362)
at pages.LoginPage.enterUsername(LoginPage.java:18)
at test.AdminDisableEmployeeTest.disabledUserCannotLogin(AdminDisableEmployeeTest.java:128)
at java.base/jdk.internal.reflect.DirectMethodHandleAccessor.invoke(DirectMethodHandleAccessor.java:104)
at java.base/java.lang.reflect.Method.invoke(Method.java:565)
at org.testng.internal.invokers.MethodInvocationHelper.invokeMethod(MethodInvocationHelper.java:141)
at org.testng.internal.invokers.TestInvoker.invokeMethod(TestInvoker.java:687)
at org.testng.internal.invokers.TestInvoker.invokeTestMethod(TestInvoker.java:230)
at org.testng.internal.invokers.MethodRunner.runInSequence(MethodRunner.java:63)
at org.testng.internal.invokers.TestInvoker$MethodInvocationAgent.invoke(TestInvoker.java:995)
at org.testng.internal.invokers.TestInvoker.invokeTestMethods(TestInvoker.java:203)
at org.testng.internal.invokers.TestMethodWorker.invokeTestMethods(TestMethodWorker.java:154)
at org.testng.internal.invokers.TestMethodWorker.run(TestMethodWorker.java:134)
at java.base/java.util.ArrayList.forEach(ArrayList.java:1604)
at org.testng.TestRunner.privateRun(TestRunner.java:741)
at org.testng.TestRunner.run(TestRunner.java:616)
at org.testng.SuiteRunner.runTest(SuiteRunner.java:421)
at org.testng.SuiteRunner.runSequentially(SuiteRunner.java:413)
at org.testng.SuiteRunner.privateRun(SuiteRunner.java:373)
at org.testng.SuiteRunner.run(SuiteRunner.java:312)
at org.testng.SuiteRunnerWorker.runSuite(SuiteRunnerWorker.java:52)
at org.testng.SuiteRunnerWorker.run(SuiteRunnerWorker.java:95)
at org.testng.TestNG.runSuitesSequentially(TestNG.java:1274)
at org.testng.TestNG.runSuitesLocally(TestNG.java:1208)
at org.testng.TestNG.runSuites(TestNG.java:1112)
at org.testng.TestNG.run(TestNG.java:1079)
at org.apache.maven.surefire.testng.TestNGExecutor.run(TestNGExecutor.java:308)
at org.apache.maven.surefire.testng.TestNGXmlTestSuite.execute(TestNGXmlTestSuite.java:71)
at org.apache.maven.surefire.testng.TestNGProvider.invoke(TestNGProvider.java:113)
at org.apache.maven.surefire.booter.ForkedBooter.runSuitesInProcess(ForkedBooter.java:385)
at org.apache.maven.surefire.booter.ForkedBooter.execute(ForkedBooter.java:162)
at org.apache.maven.surefire.booter.ForkedBooter.run(ForkedBooter.java:507)
at org.apache.maven.surefire.booter.ForkedBooter.main(ForkedBooter.java:495)
]]>
            </full-stacktrace>
          </exception> <!-- org.openqa.selenium.NoSuchElementException -->
          <reporter-output>
          </reporter-output>
        </test-method> <!-- disabledUserCannotLogin -->
        <test-method is-config="true" signature="screenshotOnFailure(org.testng.ITestResult)[pri:0, instance:test.AdminDisableEmployeeTest@22d1886d]" started-at="2025-06-12T18:34:50 EEST" name="screenshotOnFailure" finished-at="2025-06-12T18:34:51 EEST" duration-ms="138" status="PASS">
          <params>
            <param index="0">
              <value>
                <![CDATA[[TestResult name=disabledUserCannotLogin status=FAILURE method=AdminDisableEmployeeTest.disabledUserCannotLogin()[pri:7, instance:test.AdminDisableEmployeeTest@22d1886d] output={null}]]]>
              </value>
            </param>
          </params>
          <reporter-output>
          </reporter-output>
        </test-method> <!-- screenshotOnFailure -->
        <test-method is-config="true" signature="tearDown()[pri:0, instance:test.AdminDisableEmployeeTest@22d1886d]" started-at="2025-06-12T18:34:51 EEST" name="tearDown" finished-at="2025-06-12T18:34:53 EEST" duration-ms="2017" status="PASS">
          <reporter-output>
          </reporter-output>
        </test-method> <!-- tearDown -->
      </class> <!-- test.AdminDisableEmployeeTest -->
    </test> <!-- Firefox - DisableUser -->
  </suite> <!-- OrangeHRM Sequential Suite -->
</testng-results>
