<?xml version="1.0" encoding="UTF-8"?>
<!-- Generated by org.testng.reporters.JUnitXMLReporter -->
<testsuite ignored="4" hostname="NOHA-Legion-LAP" failures="2" tests="13" name="Automation Assessment" time="1.889" errors="0" timestamp="2025-05-26T03:00:37 EET">
  <testcase classname="test.TestBase" name="@AfterMethod screenshotOnFailure" time="0.002">
    <failure type="java.lang.NullPointerException" message="Cannot invoke &amp;quot;org.openqa.selenium.TakesScreenshot.getScreenshotAs(org.openqa.selenium.OutputType)&amp;quot; because &amp;quot;driver&amp;quot; is null">
      <![CDATA[java.lang.NullPointerException: Cannot invoke "org.openqa.selenium.TakesScreenshot.getScreenshotAs(org.openqa.selenium.OutputType)" because "driver" is null
at utilities.Helper.captureScreenshot(Helper.java:33)
at test.TestBase.screenshotOnFailure(TestBase.java:48)
at java.base/java.util.ArrayList.forEach(ArrayList.java:1511)
... Removed 36 stack frames]]>
    </failure>
  </testcase> <!-- @AfterMethod screenshotOnFailure -->
  <testcase classname="test.TestBase" name="@AfterMethod screenshotOnFailure" time="0.0">
    <failure type="java.lang.NullPointerException" message="Cannot invoke &amp;quot;org.openqa.selenium.TakesScreenshot.getScreenshotAs(org.openqa.selenium.OutputType)&amp;quot; because &amp;quot;driver&amp;quot; is null">
      <![CDATA[java.lang.NullPointerException: Cannot invoke "org.openqa.selenium.TakesScreenshot.getScreenshotAs(org.openqa.selenium.OutputType)" because "driver" is null
at utilities.Helper.captureScreenshot(Helper.java:33)
at test.TestBase.screenshotOnFailure(TestBase.java:48)
at java.base/java.util.ArrayList.forEach(ArrayList.java:1511)
... Removed 36 stack frames]]>
    </failure>
  </testcase> <!-- @AfterMethod screenshotOnFailure -->
  <testcase classname="test.AdminLoginTest" name="adminCanLogin" time="1.847"/>
  <testcase classname="test.AdminCreateUserTest" name="adminCanLogin" time="0.0">
    <failure type="java.lang.NullPointerException" message="Cannot invoke &amp;quot;org.openqa.selenium.WebDriver.findElement(org.openqa.selenium.By)&amp;quot; because &amp;quot;this.driver&amp;quot; is null">
      <![CDATA[java.lang.NullPointerException: Cannot invoke "org.openqa.selenium.WebDriver.findElement(org.openqa.selenium.By)" because "this.driver" is null
at pages.LoginPage.enterUsername(LoginPage.java:18)
at test.AdminCreateUserTest.adminCanLogin(AdminCreateUserTest.java:35)
at java.base/java.util.ArrayList.forEach(ArrayList.java:1511)
... Removed 31 stack frames]]>
    </failure>
  </testcase> <!-- adminCanLogin -->
  <testcase classname="test.AdminCreateUserTest" name="adminCanCreateUser" time="0.0">
    <skipped/>
  </testcase> <!-- adminCanCreateUser -->
  <testcase classname="test.AdminCreateUserTest" name="confirmSuccessToast" time="0.0">
    <skipped/>
  </testcase> <!-- confirmSuccessToast -->
  <testcase classname="test.AdminCreateUserTest" name="adminCanLogout" time="0.0">
    <skipped/>
  </testcase> <!-- adminCanLogout -->
  <testcase classname="test.AdminCreateUserTest" name="newUserCanLogin" time="0.0">
    <skipped/>
  </testcase> <!-- newUserCanLogin -->
  <testcase classname="test.AdminDisableEmployeeTest" name="adminCanLogin" time="0.0">
    <failure type="java.lang.NullPointerException" message="Cannot invoke &amp;quot;org.openqa.selenium.WebDriver.findElement(org.openqa.selenium.By)&amp;quot; because &amp;quot;this.driver&amp;quot; is null">
      <![CDATA[java.lang.NullPointerException: Cannot invoke "org.openqa.selenium.WebDriver.findElement(org.openqa.selenium.By)" because "this.driver" is null
at pages.LoginPage.enterUsername(LoginPage.java:18)
at test.AdminDisableEmployeeTest.adminCanLogin(AdminDisableEmployeeTest.java:35)
at java.base/java.util.ArrayList.forEach(ArrayList.java:1511)
... Removed 31 stack frames]]>
    </failure>
  </testcase> <!-- adminCanLogin -->
  <testcase classname="test.AdminDisableEmployeeTest" name="adminCanCreateUser" time="0.0">
    <skipped/>
  </testcase> <!-- adminCanCreateUser -->
  <testcase classname="test.AdminDisableEmployeeTest" name="confirmSuccessToast" time="0.0">
    <skipped/>
  </testcase> <!-- confirmSuccessToast -->
  <testcase classname="test.AdminDisableEmployeeTest" name="disableEmployeeUser" time="0.0">
    <skipped/>
  </testcase> <!-- disableEmployeeUser -->
  <testcase classname="test.AdminDisableEmployeeTest" name="confirmSuccessToastAfterDisable" time="0.0">
    <skipped/>
  </testcase> <!-- confirmSuccessToastAfterDisable -->
  <testcase classname="test.AdminDisableEmployeeTest" name="adminCanLogout" time="0.0">
    <skipped/>
  </testcase> <!-- adminCanLogout -->
  <testcase classname="test.AdminDisableEmployeeTest" name="disabledUserCannotLogin" time="0.0">
    <skipped/>
  </testcase> <!-- disabledUserCannotLogin -->
  <testcase classname="test.TestBase" name="@AfterSuite stopDriver" time="0.0">
    <ignored/>
  </testcase> <!-- @AfterSuite stopDriver -->
  <testcase classname="test.TestBase" name="@BeforeSuite setUpDriver" time="0.0">
    <ignored/>
  </testcase> <!-- @BeforeSuite setUpDriver -->
  <testcase classname="test.TestBase" name="@AfterSuite stopDriver" time="0.0">
    <ignored/>
  </testcase> <!-- @AfterSuite stopDriver -->
  <testcase classname="test.TestBase" name="@BeforeSuite setUpDriver" time="0.0">
    <ignored/>
  </testcase> <!-- @BeforeSuite setUpDriver -->
</testsuite> <!-- Automation Assessment -->
